{"/Users/fahmialfareza/Code/Udemy/express/devcamper_api/index.js": {"path":"/Users/fahmialfareza/Code/Udemy/express/devcamper_api/index.js","statementMap":{"0":{"start":{"line":1,"column":13},"end":{"line":1,"column":28}},"1":{"start":{"line":2,"column":16},"end":{"line":2,"column":34}},"2":{"start":{"line":3,"column":15},"end":{"line":3,"column":32}},"3":{"start":{"line":4,"column":15},"end":{"line":4,"column":32}},"4":{"start":{"line":5,"column":15},"end":{"line":5,"column":32}},"5":{"start":{"line":6,"column":21},"end":{"line":6,"column":45}},"6":{"start":{"line":7,"column":22},"end":{"line":7,"column":55}},"7":{"start":{"line":8,"column":15},"end":{"line":8,"column":32}},"8":{"start":{"line":9,"column":12},"end":{"line":9,"column":32}},"9":{"start":{"line":10,"column":18},"end":{"line":10,"column":47}},"10":{"start":{"line":11,"column":12},"end":{"line":11,"column":26}},"11":{"start":{"line":12,"column":13},"end":{"line":12,"column":28}},"12":{"start":{"line":13,"column":19},"end":{"line":13,"column":48}},"13":{"start":{"line":14,"column":21},"end":{"line":14,"column":50}},"14":{"start":{"line":15,"column":18},"end":{"line":15,"column":40}},"15":{"start":{"line":18,"column":0},"end":{"line":18,"column":47}},"16":{"start":{"line":21,"column":0},"end":{"line":21,"column":12}},"17":{"start":{"line":24,"column":18},"end":{"line":24,"column":47}},"18":{"start":{"line":25,"column":16},"end":{"line":25,"column":43}},"19":{"start":{"line":26,"column":13},"end":{"line":26,"column":37}},"20":{"start":{"line":27,"column":14},"end":{"line":27,"column":39}},"21":{"start":{"line":28,"column":16},"end":{"line":28,"column":43}},"22":{"start":{"line":30,"column":12},"end":{"line":30,"column":21}},"23":{"start":{"line":33,"column":0},"end":{"line":33,"column":24}},"24":{"start":{"line":36,"column":0},"end":{"line":36,"column":24}},"25":{"start":{"line":39,"column":0},"end":{"line":41,"column":1}},"26":{"start":{"line":40,"column":2},"end":{"line":40,"column":25}},"27":{"start":{"line":44,"column":0},"end":{"line":44,"column":22}},"28":{"start":{"line":47,"column":0},"end":{"line":47,"column":25}},"29":{"start":{"line":50,"column":0},"end":{"line":50,"column":18}},"30":{"start":{"line":53,"column":0},"end":{"line":53,"column":15}},"31":{"start":{"line":56,"column":16},"end":{"line":59,"column":2}},"32":{"start":{"line":61,"column":0},"end":{"line":61,"column":17}},"33":{"start":{"line":64,"column":0},"end":{"line":64,"column":15}},"34":{"start":{"line":67,"column":0},"end":{"line":67,"column":16}},"35":{"start":{"line":70,"column":0},"end":{"line":70,"column":56}},"36":{"start":{"line":73,"column":0},"end":{"line":73,"column":40}},"37":{"start":{"line":74,"column":0},"end":{"line":74,"column":36}},"38":{"start":{"line":75,"column":0},"end":{"line":75,"column":30}},"39":{"start":{"line":76,"column":0},"end":{"line":76,"column":32}},"40":{"start":{"line":77,"column":0},"end":{"line":77,"column":36}},"41":{"start":{"line":79,"column":0},"end":{"line":79,"column":22}},"42":{"start":{"line":81,"column":13},"end":{"line":81,"column":37}},"43":{"start":{"line":83,"column":15},"end":{"line":87,"column":1}},"44":{"start":{"line":84,"column":2},"end":{"line":86,"column":3}},"45":{"start":{"line":90,"column":0},"end":{"line":94,"column":3}},"46":{"start":{"line":91,"column":2},"end":{"line":91,"column":43}},"47":{"start":{"line":93,"column":2},"end":{"line":93,"column":38}},"48":{"start":{"line":93,"column":21},"end":{"line":93,"column":36}},"49":{"start":{"line":96,"column":0},"end":{"line":96,"column":24}}},"fnMap":{"0":{"name":"(anonymous_0)","decl":{"start":{"line":83,"column":32},"end":{"line":83,"column":33}},"loc":{"start":{"line":84,"column":2},"end":{"line":86,"column":3}},"line":84},"1":{"name":"(anonymous_1)","decl":{"start":{"line":90,"column":33},"end":{"line":90,"column":34}},"loc":{"start":{"line":90,"column":51},"end":{"line":94,"column":1}},"line":90},"2":{"name":"(anonymous_2)","decl":{"start":{"line":93,"column":15},"end":{"line":93,"column":16}},"loc":{"start":{"line":93,"column":21},"end":{"line":93,"column":36}},"line":93}},"branchMap":{"0":{"loc":{"start":{"line":39,"column":0},"end":{"line":41,"column":1}},"type":"if","locations":[{"start":{"line":39,"column":0},"end":{"line":41,"column":1}},{"start":{"line":39,"column":0},"end":{"line":41,"column":1}}],"line":39},"1":{"loc":{"start":{"line":81,"column":13},"end":{"line":81,"column":37}},"type":"binary-expr","locations":[{"start":{"line":81,"column":13},"end":{"line":81,"column":29}},{"start":{"line":81,"column":33},"end":{"line":81,"column":37}}],"line":81}},"s":{"0":1,"1":1,"2":1,"3":1,"4":1,"5":1,"6":1,"7":1,"8":1,"9":1,"10":1,"11":1,"12":1,"13":1,"14":1,"15":1,"16":1,"17":1,"18":1,"19":1,"20":1,"21":1,"22":1,"23":1,"24":1,"25":1,"26":1,"27":1,"28":1,"29":1,"30":1,"31":1,"32":1,"33":1,"34":1,"35":1,"36":1,"37":1,"38":1,"39":1,"40":1,"41":1,"42":1,"43":1,"44":1,"45":1,"46":0,"47":0,"48":0,"49":1},"f":{"0":1,"1":0,"2":0},"b":{"0":[1,0],"1":[1,0]},"_coverageSchema":"1a1c01bbd47fc00a2c39e90264f33305004495a9","hash":"84e0bbbef1a40022844de4227703ac38a1a02c6b"}
,"/Users/fahmialfareza/Code/Udemy/express/devcamper_api/config/db.js": {"path":"/Users/fahmialfareza/Code/Udemy/express/devcamper_api/config/db.js","statementMap":{"0":{"start":{"line":1,"column":17},"end":{"line":1,"column":36}},"1":{"start":{"line":3,"column":18},"end":{"line":12,"column":1}},"2":{"start":{"line":4,"column":15},"end":{"line":9,"column":4}},"3":{"start":{"line":11,"column":2},"end":{"line":11,"column":80}},"4":{"start":{"line":14,"column":0},"end":{"line":14,"column":27}}},"fnMap":{"0":{"name":"(anonymous_0)","decl":{"start":{"line":3,"column":18},"end":{"line":3,"column":19}},"loc":{"start":{"line":3,"column":30},"end":{"line":12,"column":1}},"line":3}},"branchMap":{},"s":{"0":1,"1":1,"2":1,"3":1,"4":1},"f":{"0":1},"b":{},"_coverageSchema":"1a1c01bbd47fc00a2c39e90264f33305004495a9","hash":"66475688c8938a1cd81a0d9fc813fe8061cff283"}
,"/Users/fahmialfareza/Code/Udemy/express/devcamper_api/controllers/auth.js": {"path":"/Users/fahmialfareza/Code/Udemy/express/devcamper_api/controllers/auth.js","statementMap":{"0":{"start":{"line":1,"column":15},"end":{"line":1,"column":32}},"1":{"start":{"line":2,"column":22},"end":{"line":2,"column":55}},"2":{"start":{"line":3,"column":21},"end":{"line":3,"column":51}},"3":{"start":{"line":4,"column":18},"end":{"line":4,"column":47}},"4":{"start":{"line":5,"column":13},"end":{"line":5,"column":38}},"5":{"start":{"line":10,"column":0},"end":{"line":23,"column":3}},"6":{"start":{"line":11,"column":42},"end":{"line":11,"column":50}},"7":{"start":{"line":14,"column":15},"end":{"line":19,"column":4}},"8":{"start":{"line":22,"column":2},"end":{"line":22,"column":36}},"9":{"start":{"line":28,"column":0},"end":{"line":52,"column":3}},"10":{"start":{"line":29,"column":30},"end":{"line":29,"column":38}},"11":{"start":{"line":32,"column":2},"end":{"line":34,"column":3}},"12":{"start":{"line":33,"column":4},"end":{"line":33,"column":80}},"13":{"start":{"line":37,"column":15},"end":{"line":37,"column":64}},"14":{"start":{"line":39,"column":2},"end":{"line":41,"column":3}},"15":{"start":{"line":40,"column":4},"end":{"line":40,"column":63}},"16":{"start":{"line":44,"column":18},"end":{"line":44,"column":52}},"17":{"start":{"line":46,"column":2},"end":{"line":48,"column":3}},"18":{"start":{"line":47,"column":4},"end":{"line":47,"column":63}},"19":{"start":{"line":51,"column":2},"end":{"line":51,"column":36}},"20":{"start":{"line":57,"column":0},"end":{"line":67,"column":3}},"21":{"start":{"line":58,"column":2},"end":{"line":61,"column":5}},"22":{"start":{"line":63,"column":2},"end":{"line":66,"column":5}},"23":{"start":{"line":72,"column":0},"end":{"line":79,"column":3}},"24":{"start":{"line":73,"column":15},"end":{"line":73,"column":47}},"25":{"start":{"line":75,"column":2},"end":{"line":78,"column":5}},"26":{"start":{"line":84,"column":0},"end":{"line":99,"column":3}},"27":{"start":{"line":85,"column":25},"end":{"line":88,"column":3}},"28":{"start":{"line":90,"column":15},"end":{"line":93,"column":4}},"29":{"start":{"line":95,"column":2},"end":{"line":98,"column":5}},"30":{"start":{"line":104,"column":0},"end":{"line":117,"column":3}},"31":{"start":{"line":105,"column":15},"end":{"line":105,"column":67}},"32":{"start":{"line":108,"column":2},"end":{"line":110,"column":3}},"33":{"start":{"line":109,"column":4},"end":{"line":109,"column":65}},"34":{"start":{"line":112,"column":2},"end":{"line":112,"column":39}},"35":{"start":{"line":113,"column":2},"end":{"line":113,"column":20}},"36":{"start":{"line":116,"column":2},"end":{"line":116,"column":36}},"37":{"start":{"line":122,"column":0},"end":{"line":167,"column":3}},"38":{"start":{"line":123,"column":15},"end":{"line":123,"column":60}},"39":{"start":{"line":125,"column":2},"end":{"line":127,"column":3}},"40":{"start":{"line":126,"column":4},"end":{"line":126,"column":76}},"41":{"start":{"line":130,"column":21},"end":{"line":130,"column":49}},"42":{"start":{"line":132,"column":2},"end":{"line":132,"column":49}},"43":{"start":{"line":135,"column":19},"end":{"line":137,"column":45}},"44":{"start":{"line":139,"column":18},"end":{"line":139,"column":162}},"45":{"start":{"line":141,"column":2},"end":{"line":161,"column":3}},"46":{"start":{"line":142,"column":4},"end":{"line":146,"column":7}},"47":{"start":{"line":148,"column":4},"end":{"line":151,"column":7}},"48":{"start":{"line":153,"column":4},"end":{"line":153,"column":21}},"49":{"start":{"line":155,"column":4},"end":{"line":155,"column":40}},"50":{"start":{"line":156,"column":4},"end":{"line":156,"column":41}},"51":{"start":{"line":158,"column":4},"end":{"line":158,"column":51}},"52":{"start":{"line":160,"column":4},"end":{"line":160,"column":67}},"53":{"start":{"line":163,"column":2},"end":{"line":166,"column":5}},"54":{"start":{"line":172,"column":0},"end":{"line":196,"column":3}},"55":{"start":{"line":174,"column":29},"end":{"line":177,"column":18}},"56":{"start":{"line":179,"column":15},"end":{"line":182,"column":4}},"57":{"start":{"line":184,"column":2},"end":{"line":186,"column":3}},"58":{"start":{"line":185,"column":4},"end":{"line":185,"column":57}},"59":{"start":{"line":189,"column":2},"end":{"line":189,"column":36}},"60":{"start":{"line":190,"column":2},"end":{"line":190,"column":38}},"61":{"start":{"line":191,"column":2},"end":{"line":191,"column":39}},"62":{"start":{"line":192,"column":2},"end":{"line":192,"column":20}},"63":{"start":{"line":195,"column":2},"end":{"line":195,"column":36}},"64":{"start":{"line":199,"column":26},"end":{"line":218,"column":1}},"65":{"start":{"line":201,"column":16},"end":{"line":201,"column":40}},"66":{"start":{"line":203,"column":18},"end":{"line":208,"column":3}},"67":{"start":{"line":210,"column":2},"end":{"line":212,"column":3}},"68":{"start":{"line":211,"column":4},"end":{"line":211,"column":26}},"69":{"start":{"line":214,"column":2},"end":{"line":217,"column":5}}},"fnMap":{"0":{"name":"(anonymous_0)","decl":{"start":{"line":10,"column":32},"end":{"line":10,"column":33}},"loc":{"start":{"line":10,"column":58},"end":{"line":23,"column":1}},"line":10},"1":{"name":"(anonymous_1)","decl":{"start":{"line":28,"column":29},"end":{"line":28,"column":30}},"loc":{"start":{"line":28,"column":55},"end":{"line":52,"column":1}},"line":28},"2":{"name":"(anonymous_2)","decl":{"start":{"line":57,"column":30},"end":{"line":57,"column":31}},"loc":{"start":{"line":57,"column":56},"end":{"line":67,"column":1}},"line":57},"3":{"name":"(anonymous_3)","decl":{"start":{"line":72,"column":29},"end":{"line":72,"column":30}},"loc":{"start":{"line":72,"column":55},"end":{"line":79,"column":1}},"line":72},"4":{"name":"(anonymous_4)","decl":{"start":{"line":84,"column":37},"end":{"line":84,"column":38}},"loc":{"start":{"line":84,"column":63},"end":{"line":99,"column":1}},"line":84},"5":{"name":"(anonymous_5)","decl":{"start":{"line":104,"column":38},"end":{"line":104,"column":39}},"loc":{"start":{"line":104,"column":64},"end":{"line":117,"column":1}},"line":104},"6":{"name":"(anonymous_6)","decl":{"start":{"line":122,"column":38},"end":{"line":122,"column":39}},"loc":{"start":{"line":122,"column":64},"end":{"line":167,"column":1}},"line":122},"7":{"name":"(anonymous_7)","decl":{"start":{"line":172,"column":37},"end":{"line":172,"column":38}},"loc":{"start":{"line":172,"column":63},"end":{"line":196,"column":1}},"line":172},"8":{"name":"(anonymous_8)","decl":{"start":{"line":199,"column":26},"end":{"line":199,"column":27}},"loc":{"start":{"line":199,"column":53},"end":{"line":218,"column":1}},"line":199}},"branchMap":{"0":{"loc":{"start":{"line":32,"column":2},"end":{"line":34,"column":3}},"type":"if","locations":[{"start":{"line":32,"column":2},"end":{"line":34,"column":3}},{"start":{"line":32,"column":2},"end":{"line":34,"column":3}}],"line":32},"1":{"loc":{"start":{"line":32,"column":6},"end":{"line":32,"column":25}},"type":"binary-expr","locations":[{"start":{"line":32,"column":6},"end":{"line":32,"column":12}},{"start":{"line":32,"column":16},"end":{"line":32,"column":25}}],"line":32},"2":{"loc":{"start":{"line":39,"column":2},"end":{"line":41,"column":3}},"type":"if","locations":[{"start":{"line":39,"column":2},"end":{"line":41,"column":3}},{"start":{"line":39,"column":2},"end":{"line":41,"column":3}}],"line":39},"3":{"loc":{"start":{"line":46,"column":2},"end":{"line":48,"column":3}},"type":"if","locations":[{"start":{"line":46,"column":2},"end":{"line":48,"column":3}},{"start":{"line":46,"column":2},"end":{"line":48,"column":3}}],"line":46},"4":{"loc":{"start":{"line":108,"column":2},"end":{"line":110,"column":3}},"type":"if","locations":[{"start":{"line":108,"column":2},"end":{"line":110,"column":3}},{"start":{"line":108,"column":2},"end":{"line":110,"column":3}}],"line":108},"5":{"loc":{"start":{"line":125,"column":2},"end":{"line":127,"column":3}},"type":"if","locations":[{"start":{"line":125,"column":2},"end":{"line":127,"column":3}},{"start":{"line":125,"column":2},"end":{"line":127,"column":3}}],"line":125},"6":{"loc":{"start":{"line":184,"column":2},"end":{"line":186,"column":3}},"type":"if","locations":[{"start":{"line":184,"column":2},"end":{"line":186,"column":3}},{"start":{"line":184,"column":2},"end":{"line":186,"column":3}}],"line":184},"7":{"loc":{"start":{"line":210,"column":2},"end":{"line":212,"column":3}},"type":"if","locations":[{"start":{"line":210,"column":2},"end":{"line":212,"column":3}},{"start":{"line":210,"column":2},"end":{"line":212,"column":3}}],"line":210}},"s":{"0":1,"1":1,"2":1,"3":1,"4":1,"5":1,"6":0,"7":0,"8":0,"9":1,"10":1,"11":1,"12":0,"13":1,"14":1,"15":0,"16":1,"17":1,"18":0,"19":1,"20":1,"21":0,"22":0,"23":1,"24":0,"25":0,"26":1,"27":0,"28":0,"29":0,"30":1,"31":0,"32":0,"33":0,"34":0,"35":0,"36":0,"37":1,"38":0,"39":0,"40":0,"41":0,"42":0,"43":0,"44":0,"45":0,"46":0,"47":0,"48":0,"49":0,"50":0,"51":0,"52":0,"53":0,"54":1,"55":0,"56":0,"57":0,"58":0,"59":0,"60":0,"61":0,"62":0,"63":0,"64":1,"65":1,"66":1,"67":1,"68":0,"69":1},"f":{"0":0,"1":1,"2":0,"3":0,"4":0,"5":0,"6":0,"7":0,"8":1},"b":{"0":[0,1],"1":[1,1],"2":[0,1],"3":[0,1],"4":[0,0],"5":[0,0],"6":[0,0],"7":[0,1]},"_coverageSchema":"1a1c01bbd47fc00a2c39e90264f33305004495a9","hash":"06a97e8d4da228b5d548cff8bea6f9b06e73df84"}
,"/Users/fahmialfareza/Code/Udemy/express/devcamper_api/controllers/bootcamps.js": {"path":"/Users/fahmialfareza/Code/Udemy/express/devcamper_api/controllers/bootcamps.js","statementMap":{"0":{"start":{"line":1,"column":13},"end":{"line":1,"column":28}},"1":{"start":{"line":2,"column":22},"end":{"line":2,"column":55}},"2":{"start":{"line":3,"column":21},"end":{"line":3,"column":51}},"3":{"start":{"line":4,"column":17},"end":{"line":4,"column":45}},"4":{"start":{"line":5,"column":17},"end":{"line":5,"column":46}},"5":{"start":{"line":10,"column":0},"end":{"line":12,"column":3}},"6":{"start":{"line":11,"column":2},"end":{"line":11,"column":44}},"7":{"start":{"line":17,"column":0},"end":{"line":30,"column":3}},"8":{"start":{"line":18,"column":19},"end":{"line":18,"column":57}},"9":{"start":{"line":20,"column":2},"end":{"line":24,"column":3}},"10":{"start":{"line":21,"column":4},"end":{"line":23,"column":6}},"11":{"start":{"line":26,"column":2},"end":{"line":29,"column":5}},"12":{"start":{"line":35,"column":0},"end":{"line":58,"column":3}},"13":{"start":{"line":37,"column":2},"end":{"line":37,"column":30}},"14":{"start":{"line":40,"column":26},"end":{"line":40,"column":71}},"15":{"start":{"line":43,"column":2},"end":{"line":50,"column":3}},"16":{"start":{"line":44,"column":4},"end":{"line":49,"column":6}},"17":{"start":{"line":52,"column":19},"end":{"line":52,"column":50}},"18":{"start":{"line":54,"column":2},"end":{"line":57,"column":5}},"19":{"start":{"line":63,"column":0},"end":{"line":94,"column":3}},"20":{"start":{"line":64,"column":17},"end":{"line":67,"column":4}},"21":{"start":{"line":69,"column":2},"end":{"line":73,"column":3}},"22":{"start":{"line":70,"column":4},"end":{"line":72,"column":6}},"23":{"start":{"line":76,"column":2},"end":{"line":83,"column":3}},"24":{"start":{"line":77,"column":4},"end":{"line":82,"column":6}},"25":{"start":{"line":85,"column":2},"end":{"line":88,"column":5}},"26":{"start":{"line":90,"column":2},"end":{"line":93,"column":5}},"27":{"start":{"line":99,"column":0},"end":{"line":124,"column":3}},"28":{"start":{"line":100,"column":19},"end":{"line":100,"column":57}},"29":{"start":{"line":102,"column":2},"end":{"line":106,"column":3}},"30":{"start":{"line":103,"column":4},"end":{"line":105,"column":6}},"31":{"start":{"line":109,"column":2},"end":{"line":116,"column":3}},"32":{"start":{"line":110,"column":4},"end":{"line":115,"column":6}},"33":{"start":{"line":118,"column":2},"end":{"line":118,"column":20}},"34":{"start":{"line":120,"column":2},"end":{"line":123,"column":5}},"35":{"start":{"line":129,"column":0},"end":{"line":151,"column":3}},"36":{"start":{"line":130,"column":32},"end":{"line":130,"column":42}},"37":{"start":{"line":133,"column":14},"end":{"line":133,"column":45}},"38":{"start":{"line":134,"column":14},"end":{"line":134,"column":29}},"39":{"start":{"line":135,"column":14},"end":{"line":135,"column":30}},"40":{"start":{"line":140,"column":17},"end":{"line":140,"column":32}},"41":{"start":{"line":142,"column":20},"end":{"line":144,"column":4}},"42":{"start":{"line":146,"column":2},"end":{"line":150,"column":5}},"43":{"start":{"line":156,"column":0},"end":{"line":213,"column":3}},"44":{"start":{"line":157,"column":19},"end":{"line":157,"column":57}},"45":{"start":{"line":159,"column":2},"end":{"line":163,"column":3}},"46":{"start":{"line":160,"column":4},"end":{"line":162,"column":6}},"47":{"start":{"line":166,"column":2},"end":{"line":173,"column":3}},"48":{"start":{"line":167,"column":4},"end":{"line":172,"column":6}},"49":{"start":{"line":175,"column":2},"end":{"line":177,"column":3}},"50":{"start":{"line":176,"column":4},"end":{"line":176,"column":64}},"51":{"start":{"line":179,"column":15},"end":{"line":179,"column":29}},"52":{"start":{"line":182,"column":2},"end":{"line":184,"column":3}},"53":{"start":{"line":183,"column":4},"end":{"line":183,"column":71}},"54":{"start":{"line":187,"column":2},"end":{"line":194,"column":3}},"55":{"start":{"line":188,"column":4},"end":{"line":193,"column":6}},"56":{"start":{"line":197,"column":2},"end":{"line":197,"column":66}},"57":{"start":{"line":199,"column":2},"end":{"line":212,"column":5}},"58":{"start":{"line":200,"column":4},"end":{"line":204,"column":5}},"59":{"start":{"line":201,"column":6},"end":{"line":201,"column":25}},"60":{"start":{"line":203,"column":6},"end":{"line":203,"column":74}},"61":{"start":{"line":206,"column":4},"end":{"line":206,"column":74}},"62":{"start":{"line":208,"column":4},"end":{"line":211,"column":7}}},"fnMap":{"0":{"name":"(anonymous_0)","decl":{"start":{"line":10,"column":36},"end":{"line":10,"column":37}},"loc":{"start":{"line":10,"column":62},"end":{"line":12,"column":1}},"line":10},"1":{"name":"(anonymous_1)","decl":{"start":{"line":17,"column":35},"end":{"line":17,"column":36}},"loc":{"start":{"line":17,"column":61},"end":{"line":30,"column":1}},"line":17},"2":{"name":"(anonymous_2)","decl":{"start":{"line":35,"column":38},"end":{"line":35,"column":39}},"loc":{"start":{"line":35,"column":64},"end":{"line":58,"column":1}},"line":35},"3":{"name":"(anonymous_3)","decl":{"start":{"line":63,"column":38},"end":{"line":63,"column":39}},"loc":{"start":{"line":63,"column":64},"end":{"line":94,"column":1}},"line":63},"4":{"name":"(anonymous_4)","decl":{"start":{"line":99,"column":38},"end":{"line":99,"column":39}},"loc":{"start":{"line":99,"column":64},"end":{"line":124,"column":1}},"line":99},"5":{"name":"(anonymous_5)","decl":{"start":{"line":129,"column":44},"end":{"line":129,"column":45}},"loc":{"start":{"line":129,"column":70},"end":{"line":151,"column":1}},"line":129},"6":{"name":"(anonymous_6)","decl":{"start":{"line":156,"column":43},"end":{"line":156,"column":44}},"loc":{"start":{"line":156,"column":69},"end":{"line":213,"column":1}},"line":156},"7":{"name":"(anonymous_7)","decl":{"start":{"line":199,"column":58},"end":{"line":199,"column":59}},"loc":{"start":{"line":199,"column":73},"end":{"line":212,"column":3}},"line":199}},"branchMap":{"0":{"loc":{"start":{"line":20,"column":2},"end":{"line":24,"column":3}},"type":"if","locations":[{"start":{"line":20,"column":2},"end":{"line":24,"column":3}},{"start":{"line":20,"column":2},"end":{"line":24,"column":3}}],"line":20},"1":{"loc":{"start":{"line":43,"column":2},"end":{"line":50,"column":3}},"type":"if","locations":[{"start":{"line":43,"column":2},"end":{"line":50,"column":3}},{"start":{"line":43,"column":2},"end":{"line":50,"column":3}}],"line":43},"2":{"loc":{"start":{"line":43,"column":6},"end":{"line":43,"column":50}},"type":"binary-expr","locations":[{"start":{"line":43,"column":6},"end":{"line":43,"column":21}},{"start":{"line":43,"column":25},"end":{"line":43,"column":50}}],"line":43},"3":{"loc":{"start":{"line":69,"column":2},"end":{"line":73,"column":3}},"type":"if","locations":[{"start":{"line":69,"column":2},"end":{"line":73,"column":3}},{"start":{"line":69,"column":2},"end":{"line":73,"column":3}}],"line":69},"4":{"loc":{"start":{"line":76,"column":2},"end":{"line":83,"column":3}},"type":"if","locations":[{"start":{"line":76,"column":2},"end":{"line":83,"column":3}},{"start":{"line":76,"column":2},"end":{"line":83,"column":3}}],"line":76},"5":{"loc":{"start":{"line":76,"column":6},"end":{"line":76,"column":75}},"type":"binary-expr","locations":[{"start":{"line":76,"column":6},"end":{"line":76,"column":46}},{"start":{"line":76,"column":50},"end":{"line":76,"column":75}}],"line":76},"6":{"loc":{"start":{"line":102,"column":2},"end":{"line":106,"column":3}},"type":"if","locations":[{"start":{"line":102,"column":2},"end":{"line":106,"column":3}},{"start":{"line":102,"column":2},"end":{"line":106,"column":3}}],"line":102},"7":{"loc":{"start":{"line":109,"column":2},"end":{"line":116,"column":3}},"type":"if","locations":[{"start":{"line":109,"column":2},"end":{"line":116,"column":3}},{"start":{"line":109,"column":2},"end":{"line":116,"column":3}}],"line":109},"8":{"loc":{"start":{"line":109,"column":6},"end":{"line":109,"column":75}},"type":"binary-expr","locations":[{"start":{"line":109,"column":6},"end":{"line":109,"column":46}},{"start":{"line":109,"column":50},"end":{"line":109,"column":75}}],"line":109},"9":{"loc":{"start":{"line":159,"column":2},"end":{"line":163,"column":3}},"type":"if","locations":[{"start":{"line":159,"column":2},"end":{"line":163,"column":3}},{"start":{"line":159,"column":2},"end":{"line":163,"column":3}}],"line":159},"10":{"loc":{"start":{"line":166,"column":2},"end":{"line":173,"column":3}},"type":"if","locations":[{"start":{"line":166,"column":2},"end":{"line":173,"column":3}},{"start":{"line":166,"column":2},"end":{"line":173,"column":3}}],"line":166},"11":{"loc":{"start":{"line":166,"column":6},"end":{"line":166,"column":75}},"type":"binary-expr","locations":[{"start":{"line":166,"column":6},"end":{"line":166,"column":46}},{"start":{"line":166,"column":50},"end":{"line":166,"column":75}}],"line":166},"12":{"loc":{"start":{"line":175,"column":2},"end":{"line":177,"column":3}},"type":"if","locations":[{"start":{"line":175,"column":2},"end":{"line":177,"column":3}},{"start":{"line":175,"column":2},"end":{"line":177,"column":3}}],"line":175},"13":{"loc":{"start":{"line":182,"column":2},"end":{"line":184,"column":3}},"type":"if","locations":[{"start":{"line":182,"column":2},"end":{"line":184,"column":3}},{"start":{"line":182,"column":2},"end":{"line":184,"column":3}}],"line":182},"14":{"loc":{"start":{"line":187,"column":2},"end":{"line":194,"column":3}},"type":"if","locations":[{"start":{"line":187,"column":2},"end":{"line":194,"column":3}},{"start":{"line":187,"column":2},"end":{"line":194,"column":3}}],"line":187},"15":{"loc":{"start":{"line":200,"column":4},"end":{"line":204,"column":5}},"type":"if","locations":[{"start":{"line":200,"column":4},"end":{"line":204,"column":5}},{"start":{"line":200,"column":4},"end":{"line":204,"column":5}}],"line":200}},"s":{"0":1,"1":1,"2":1,"3":1,"4":1,"5":1,"6":0,"7":1,"8":0,"9":0,"10":0,"11":0,"12":1,"13":0,"14":0,"15":0,"16":0,"17":0,"18":0,"19":1,"20":0,"21":0,"22":0,"23":0,"24":0,"25":0,"26":0,"27":1,"28":0,"29":0,"30":0,"31":0,"32":0,"33":0,"34":0,"35":1,"36":0,"37":0,"38":0,"39":0,"40":0,"41":0,"42":0,"43":1,"44":0,"45":0,"46":0,"47":0,"48":0,"49":0,"50":0,"51":0,"52":0,"53":0,"54":0,"55":0,"56":0,"57":0,"58":0,"59":0,"60":0,"61":0,"62":0},"f":{"0":0,"1":0,"2":0,"3":0,"4":0,"5":0,"6":0,"7":0},"b":{"0":[0,0],"1":[0,0],"2":[0,0],"3":[0,0],"4":[0,0],"5":[0,0],"6":[0,0],"7":[0,0],"8":[0,0],"9":[0,0],"10":[0,0],"11":[0,0],"12":[0,0],"13":[0,0],"14":[0,0],"15":[0,0]},"_coverageSchema":"1a1c01bbd47fc00a2c39e90264f33305004495a9","hash":"adc3af4165e63618c03acc61dc0c693283cd1f25"}
,"/Users/fahmialfareza/Code/Udemy/express/devcamper_api/controllers/courses.js": {"path":"/Users/fahmialfareza/Code/Udemy/express/devcamper_api/controllers/courses.js","statementMap":{"0":{"start":{"line":1,"column":22},"end":{"line":1,"column":55}},"1":{"start":{"line":2,"column":21},"end":{"line":2,"column":51}},"2":{"start":{"line":3,"column":15},"end":{"line":3,"column":42}},"3":{"start":{"line":4,"column":17},"end":{"line":4,"column":46}},"4":{"start":{"line":10,"column":0},"end":{"line":22,"column":3}},"5":{"start":{"line":11,"column":2},"end":{"line":21,"column":3}},"6":{"start":{"line":12,"column":20},"end":{"line":12,"column":74}},"7":{"start":{"line":14,"column":4},"end":{"line":18,"column":7}},"8":{"start":{"line":20,"column":4},"end":{"line":20,"column":46}},"9":{"start":{"line":27,"column":0},"end":{"line":44,"column":3}},"10":{"start":{"line":28,"column":17},"end":{"line":31,"column":4}},"11":{"start":{"line":33,"column":2},"end":{"line":38,"column":3}},"12":{"start":{"line":34,"column":4},"end":{"line":37,"column":6}},"13":{"start":{"line":40,"column":2},"end":{"line":43,"column":5}},"14":{"start":{"line":49,"column":0},"end":{"line":78,"column":3}},"15":{"start":{"line":50,"column":2},"end":{"line":50,"column":44}},"16":{"start":{"line":51,"column":2},"end":{"line":51,"column":30}},"17":{"start":{"line":53,"column":19},"end":{"line":53,"column":65}},"18":{"start":{"line":55,"column":2},"end":{"line":60,"column":3}},"19":{"start":{"line":56,"column":4},"end":{"line":59,"column":6}},"20":{"start":{"line":63,"column":2},"end":{"line":70,"column":3}},"21":{"start":{"line":64,"column":4},"end":{"line":69,"column":6}},"22":{"start":{"line":72,"column":17},"end":{"line":72,"column":46}},"23":{"start":{"line":74,"column":2},"end":{"line":77,"column":5}},"24":{"start":{"line":83,"column":0},"end":{"line":112,"column":3}},"25":{"start":{"line":84,"column":15},"end":{"line":84,"column":51}},"26":{"start":{"line":86,"column":2},"end":{"line":91,"column":3}},"27":{"start":{"line":87,"column":4},"end":{"line":90,"column":6}},"28":{"start":{"line":94,"column":2},"end":{"line":101,"column":3}},"29":{"start":{"line":95,"column":4},"end":{"line":100,"column":6}},"30":{"start":{"line":103,"column":2},"end":{"line":106,"column":5}},"31":{"start":{"line":108,"column":2},"end":{"line":111,"column":5}},"32":{"start":{"line":117,"column":0},"end":{"line":143,"column":3}},"33":{"start":{"line":118,"column":15},"end":{"line":118,"column":51}},"34":{"start":{"line":120,"column":2},"end":{"line":125,"column":3}},"35":{"start":{"line":121,"column":4},"end":{"line":124,"column":6}},"36":{"start":{"line":128,"column":2},"end":{"line":135,"column":3}},"37":{"start":{"line":129,"column":4},"end":{"line":134,"column":6}},"38":{"start":{"line":137,"column":2},"end":{"line":137,"column":24}},"39":{"start":{"line":139,"column":2},"end":{"line":142,"column":5}}},"fnMap":{"0":{"name":"(anonymous_0)","decl":{"start":{"line":10,"column":34},"end":{"line":10,"column":35}},"loc":{"start":{"line":10,"column":60},"end":{"line":22,"column":1}},"line":10},"1":{"name":"(anonymous_1)","decl":{"start":{"line":27,"column":33},"end":{"line":27,"column":34}},"loc":{"start":{"line":27,"column":59},"end":{"line":44,"column":1}},"line":27},"2":{"name":"(anonymous_2)","decl":{"start":{"line":49,"column":33},"end":{"line":49,"column":34}},"loc":{"start":{"line":49,"column":59},"end":{"line":78,"column":1}},"line":49},"3":{"name":"(anonymous_3)","decl":{"start":{"line":83,"column":36},"end":{"line":83,"column":37}},"loc":{"start":{"line":83,"column":62},"end":{"line":112,"column":1}},"line":83},"4":{"name":"(anonymous_4)","decl":{"start":{"line":117,"column":36},"end":{"line":117,"column":37}},"loc":{"start":{"line":117,"column":62},"end":{"line":143,"column":1}},"line":117}},"branchMap":{"0":{"loc":{"start":{"line":11,"column":2},"end":{"line":21,"column":3}},"type":"if","locations":[{"start":{"line":11,"column":2},"end":{"line":21,"column":3}},{"start":{"line":11,"column":2},"end":{"line":21,"column":3}}],"line":11},"1":{"loc":{"start":{"line":33,"column":2},"end":{"line":38,"column":3}},"type":"if","locations":[{"start":{"line":33,"column":2},"end":{"line":38,"column":3}},{"start":{"line":33,"column":2},"end":{"line":38,"column":3}}],"line":33},"2":{"loc":{"start":{"line":55,"column":2},"end":{"line":60,"column":3}},"type":"if","locations":[{"start":{"line":55,"column":2},"end":{"line":60,"column":3}},{"start":{"line":55,"column":2},"end":{"line":60,"column":3}}],"line":55},"3":{"loc":{"start":{"line":63,"column":2},"end":{"line":70,"column":3}},"type":"if","locations":[{"start":{"line":63,"column":2},"end":{"line":70,"column":3}},{"start":{"line":63,"column":2},"end":{"line":70,"column":3}}],"line":63},"4":{"loc":{"start":{"line":63,"column":6},"end":{"line":63,"column":75}},"type":"binary-expr","locations":[{"start":{"line":63,"column":6},"end":{"line":63,"column":46}},{"start":{"line":63,"column":50},"end":{"line":63,"column":75}}],"line":63},"5":{"loc":{"start":{"line":86,"column":2},"end":{"line":91,"column":3}},"type":"if","locations":[{"start":{"line":86,"column":2},"end":{"line":91,"column":3}},{"start":{"line":86,"column":2},"end":{"line":91,"column":3}}],"line":86},"6":{"loc":{"start":{"line":94,"column":2},"end":{"line":101,"column":3}},"type":"if","locations":[{"start":{"line":94,"column":2},"end":{"line":101,"column":3}},{"start":{"line":94,"column":2},"end":{"line":101,"column":3}}],"line":94},"7":{"loc":{"start":{"line":94,"column":6},"end":{"line":94,"column":73}},"type":"binary-expr","locations":[{"start":{"line":94,"column":6},"end":{"line":94,"column":44}},{"start":{"line":94,"column":48},"end":{"line":94,"column":73}}],"line":94},"8":{"loc":{"start":{"line":120,"column":2},"end":{"line":125,"column":3}},"type":"if","locations":[{"start":{"line":120,"column":2},"end":{"line":125,"column":3}},{"start":{"line":120,"column":2},"end":{"line":125,"column":3}}],"line":120},"9":{"loc":{"start":{"line":128,"column":2},"end":{"line":135,"column":3}},"type":"if","locations":[{"start":{"line":128,"column":2},"end":{"line":135,"column":3}},{"start":{"line":128,"column":2},"end":{"line":135,"column":3}}],"line":128},"10":{"loc":{"start":{"line":128,"column":6},"end":{"line":128,"column":73}},"type":"binary-expr","locations":[{"start":{"line":128,"column":6},"end":{"line":128,"column":44}},{"start":{"line":128,"column":48},"end":{"line":128,"column":73}}],"line":128}},"s":{"0":1,"1":1,"2":1,"3":1,"4":1,"5":0,"6":0,"7":0,"8":0,"9":1,"10":0,"11":0,"12":0,"13":0,"14":1,"15":0,"16":0,"17":0,"18":0,"19":0,"20":0,"21":0,"22":0,"23":0,"24":1,"25":0,"26":0,"27":0,"28":0,"29":0,"30":0,"31":0,"32":1,"33":0,"34":0,"35":0,"36":0,"37":0,"38":0,"39":0},"f":{"0":0,"1":0,"2":0,"3":0,"4":0},"b":{"0":[0,0],"1":[0,0],"2":[0,0],"3":[0,0],"4":[0,0],"5":[0,0],"6":[0,0],"7":[0,0],"8":[0,0],"9":[0,0],"10":[0,0]},"_coverageSchema":"1a1c01bbd47fc00a2c39e90264f33305004495a9","hash":"c423b445a76436411ac231d6a674da03e2e5b2f7"}
,"/Users/fahmialfareza/Code/Udemy/express/devcamper_api/controllers/reviews.js": {"path":"/Users/fahmialfareza/Code/Udemy/express/devcamper_api/controllers/reviews.js","statementMap":{"0":{"start":{"line":1,"column":22},"end":{"line":1,"column":55}},"1":{"start":{"line":2,"column":21},"end":{"line":2,"column":51}},"2":{"start":{"line":3,"column":15},"end":{"line":3,"column":42}},"3":{"start":{"line":4,"column":17},"end":{"line":4,"column":46}},"4":{"start":{"line":10,"column":0},"end":{"line":22,"column":3}},"5":{"start":{"line":11,"column":2},"end":{"line":21,"column":3}},"6":{"start":{"line":12,"column":20},"end":{"line":12,"column":74}},"7":{"start":{"line":14,"column":4},"end":{"line":18,"column":7}},"8":{"start":{"line":20,"column":4},"end":{"line":20,"column":46}},"9":{"start":{"line":27,"column":0},"end":{"line":43,"column":3}},"10":{"start":{"line":28,"column":17},"end":{"line":31,"column":4}},"11":{"start":{"line":33,"column":2},"end":{"line":37,"column":3}},"12":{"start":{"line":34,"column":4},"end":{"line":36,"column":6}},"13":{"start":{"line":39,"column":2},"end":{"line":42,"column":5}},"14":{"start":{"line":48,"column":0},"end":{"line":66,"column":3}},"15":{"start":{"line":49,"column":2},"end":{"line":49,"column":44}},"16":{"start":{"line":50,"column":2},"end":{"line":50,"column":30}},"17":{"start":{"line":52,"column":19},"end":{"line":52,"column":65}},"18":{"start":{"line":54,"column":2},"end":{"line":58,"column":3}},"19":{"start":{"line":55,"column":4},"end":{"line":57,"column":6}},"20":{"start":{"line":60,"column":17},"end":{"line":60,"column":46}},"21":{"start":{"line":62,"column":2},"end":{"line":65,"column":5}},"22":{"start":{"line":71,"column":0},"end":{"line":92,"column":3}},"23":{"start":{"line":72,"column":15},"end":{"line":72,"column":51}},"24":{"start":{"line":74,"column":2},"end":{"line":76,"column":3}},"25":{"start":{"line":75,"column":4},"end":{"line":75,"column":75}},"26":{"start":{"line":79,"column":2},"end":{"line":81,"column":3}},"27":{"start":{"line":80,"column":4},"end":{"line":80,"column":75}},"28":{"start":{"line":83,"column":2},"end":{"line":86,"column":5}},"29":{"start":{"line":88,"column":2},"end":{"line":91,"column":5}},"30":{"start":{"line":97,"column":0},"end":{"line":115,"column":3}},"31":{"start":{"line":98,"column":17},"end":{"line":98,"column":53}},"32":{"start":{"line":100,"column":2},"end":{"line":102,"column":3}},"33":{"start":{"line":101,"column":4},"end":{"line":101,"column":75}},"34":{"start":{"line":105,"column":2},"end":{"line":107,"column":3}},"35":{"start":{"line":106,"column":4},"end":{"line":106,"column":75}},"36":{"start":{"line":109,"column":2},"end":{"line":109,"column":24}},"37":{"start":{"line":111,"column":2},"end":{"line":114,"column":5}}},"fnMap":{"0":{"name":"(anonymous_0)","decl":{"start":{"line":10,"column":34},"end":{"line":10,"column":35}},"loc":{"start":{"line":10,"column":60},"end":{"line":22,"column":1}},"line":10},"1":{"name":"(anonymous_1)","decl":{"start":{"line":27,"column":33},"end":{"line":27,"column":34}},"loc":{"start":{"line":27,"column":59},"end":{"line":43,"column":1}},"line":27},"2":{"name":"(anonymous_2)","decl":{"start":{"line":48,"column":33},"end":{"line":48,"column":34}},"loc":{"start":{"line":48,"column":59},"end":{"line":66,"column":1}},"line":48},"3":{"name":"(anonymous_3)","decl":{"start":{"line":71,"column":36},"end":{"line":71,"column":37}},"loc":{"start":{"line":71,"column":62},"end":{"line":92,"column":1}},"line":71},"4":{"name":"(anonymous_4)","decl":{"start":{"line":97,"column":36},"end":{"line":97,"column":37}},"loc":{"start":{"line":97,"column":62},"end":{"line":115,"column":1}},"line":97}},"branchMap":{"0":{"loc":{"start":{"line":11,"column":2},"end":{"line":21,"column":3}},"type":"if","locations":[{"start":{"line":11,"column":2},"end":{"line":21,"column":3}},{"start":{"line":11,"column":2},"end":{"line":21,"column":3}}],"line":11},"1":{"loc":{"start":{"line":33,"column":2},"end":{"line":37,"column":3}},"type":"if","locations":[{"start":{"line":33,"column":2},"end":{"line":37,"column":3}},{"start":{"line":33,"column":2},"end":{"line":37,"column":3}}],"line":33},"2":{"loc":{"start":{"line":54,"column":2},"end":{"line":58,"column":3}},"type":"if","locations":[{"start":{"line":54,"column":2},"end":{"line":58,"column":3}},{"start":{"line":54,"column":2},"end":{"line":58,"column":3}}],"line":54},"3":{"loc":{"start":{"line":74,"column":2},"end":{"line":76,"column":3}},"type":"if","locations":[{"start":{"line":74,"column":2},"end":{"line":76,"column":3}},{"start":{"line":74,"column":2},"end":{"line":76,"column":3}}],"line":74},"4":{"loc":{"start":{"line":79,"column":2},"end":{"line":81,"column":3}},"type":"if","locations":[{"start":{"line":79,"column":2},"end":{"line":81,"column":3}},{"start":{"line":79,"column":2},"end":{"line":81,"column":3}}],"line":79},"5":{"loc":{"start":{"line":79,"column":6},"end":{"line":79,"column":73}},"type":"binary-expr","locations":[{"start":{"line":79,"column":6},"end":{"line":79,"column":44}},{"start":{"line":79,"column":48},"end":{"line":79,"column":73}}],"line":79},"6":{"loc":{"start":{"line":100,"column":2},"end":{"line":102,"column":3}},"type":"if","locations":[{"start":{"line":100,"column":2},"end":{"line":102,"column":3}},{"start":{"line":100,"column":2},"end":{"line":102,"column":3}}],"line":100},"7":{"loc":{"start":{"line":105,"column":2},"end":{"line":107,"column":3}},"type":"if","locations":[{"start":{"line":105,"column":2},"end":{"line":107,"column":3}},{"start":{"line":105,"column":2},"end":{"line":107,"column":3}}],"line":105},"8":{"loc":{"start":{"line":105,"column":6},"end":{"line":105,"column":73}},"type":"binary-expr","locations":[{"start":{"line":105,"column":6},"end":{"line":105,"column":44}},{"start":{"line":105,"column":48},"end":{"line":105,"column":73}}],"line":105}},"s":{"0":1,"1":1,"2":1,"3":1,"4":1,"5":0,"6":0,"7":0,"8":0,"9":1,"10":0,"11":0,"12":0,"13":0,"14":1,"15":0,"16":0,"17":0,"18":0,"19":0,"20":0,"21":0,"22":1,"23":0,"24":0,"25":0,"26":0,"27":0,"28":0,"29":0,"30":1,"31":0,"32":0,"33":0,"34":0,"35":0,"36":0,"37":0},"f":{"0":0,"1":0,"2":0,"3":0,"4":0},"b":{"0":[0,0],"1":[0,0],"2":[0,0],"3":[0,0],"4":[0,0],"5":[0,0],"6":[0,0],"7":[0,0],"8":[0,0]},"_coverageSchema":"1a1c01bbd47fc00a2c39e90264f33305004495a9","hash":"3aa31788fc14edfcdf0ffcb8b1470f8c0f3435e2"}
,"/Users/fahmialfareza/Code/Udemy/express/devcamper_api/controllers/users.js": {"path":"/Users/fahmialfareza/Code/Udemy/express/devcamper_api/controllers/users.js","statementMap":{"0":{"start":{"line":1,"column":22},"end":{"line":1,"column":55}},"1":{"start":{"line":2,"column":21},"end":{"line":2,"column":51}},"2":{"start":{"line":3,"column":13},"end":{"line":3,"column":38}},"3":{"start":{"line":8,"column":0},"end":{"line":10,"column":3}},"4":{"start":{"line":9,"column":2},"end":{"line":9,"column":44}},"5":{"start":{"line":15,"column":0},"end":{"line":22,"column":3}},"6":{"start":{"line":16,"column":15},"end":{"line":16,"column":49}},"7":{"start":{"line":18,"column":2},"end":{"line":21,"column":5}},"8":{"start":{"line":27,"column":0},"end":{"line":34,"column":3}},"9":{"start":{"line":28,"column":15},"end":{"line":28,"column":42}},"10":{"start":{"line":30,"column":2},"end":{"line":33,"column":5}},"11":{"start":{"line":39,"column":0},"end":{"line":49,"column":3}},"12":{"start":{"line":40,"column":15},"end":{"line":43,"column":4}},"13":{"start":{"line":45,"column":2},"end":{"line":48,"column":5}},"14":{"start":{"line":54,"column":0},"end":{"line":61,"column":3}},"15":{"start":{"line":55,"column":15},"end":{"line":55,"column":58}},"16":{"start":{"line":57,"column":2},"end":{"line":60,"column":5}}},"fnMap":{"0":{"name":"(anonymous_0)","decl":{"start":{"line":8,"column":32},"end":{"line":8,"column":33}},"loc":{"start":{"line":8,"column":58},"end":{"line":10,"column":1}},"line":8},"1":{"name":"(anonymous_1)","decl":{"start":{"line":15,"column":31},"end":{"line":15,"column":32}},"loc":{"start":{"line":15,"column":57},"end":{"line":22,"column":1}},"line":15},"2":{"name":"(anonymous_2)","decl":{"start":{"line":27,"column":34},"end":{"line":27,"column":35}},"loc":{"start":{"line":27,"column":60},"end":{"line":34,"column":1}},"line":27},"3":{"name":"(anonymous_3)","decl":{"start":{"line":39,"column":34},"end":{"line":39,"column":35}},"loc":{"start":{"line":39,"column":60},"end":{"line":49,"column":1}},"line":39},"4":{"name":"(anonymous_4)","decl":{"start":{"line":54,"column":34},"end":{"line":54,"column":35}},"loc":{"start":{"line":54,"column":60},"end":{"line":61,"column":1}},"line":54}},"branchMap":{},"s":{"0":1,"1":1,"2":1,"3":1,"4":0,"5":1,"6":0,"7":0,"8":1,"9":0,"10":0,"11":1,"12":0,"13":0,"14":1,"15":0,"16":0},"f":{"0":0,"1":0,"2":0,"3":0,"4":0},"b":{},"_coverageSchema":"1a1c01bbd47fc00a2c39e90264f33305004495a9","hash":"a0ab5236bdac47b47f2b2c138aa774cd2b35b1dd"}
,"/Users/fahmialfareza/Code/Udemy/express/devcamper_api/middleware/advancedResults.js": {"path":"/Users/fahmialfareza/Code/Udemy/express/devcamper_api/middleware/advancedResults.js","statementMap":{"0":{"start":{"line":1,"column":24},"end":{"line":80,"column":1}},"1":{"start":{"line":1,"column":45},"end":{"line":80,"column":1}},"2":{"start":{"line":5,"column":19},"end":{"line":5,"column":35}},"3":{"start":{"line":8,"column":22},"end":{"line":8,"column":57}},"4":{"start":{"line":11,"column":2},"end":{"line":11,"column":57}},"5":{"start":{"line":11,"column":33},"end":{"line":11,"column":55}},"6":{"start":{"line":14,"column":17},"end":{"line":14,"column":41}},"7":{"start":{"line":17,"column":2},"end":{"line":20,"column":4}},"8":{"start":{"line":19,"column":15},"end":{"line":19,"column":26}},"9":{"start":{"line":23,"column":2},"end":{"line":23,"column":43}},"10":{"start":{"line":26,"column":2},"end":{"line":29,"column":3}},"11":{"start":{"line":27,"column":19},"end":{"line":27,"column":56}},"12":{"start":{"line":28,"column":4},"end":{"line":28,"column":33}},"13":{"start":{"line":32,"column":2},"end":{"line":37,"column":3}},"14":{"start":{"line":33,"column":19},"end":{"line":33,"column":54}},"15":{"start":{"line":34,"column":4},"end":{"line":34,"column":31}},"16":{"start":{"line":36,"column":4},"end":{"line":36,"column":37}},"17":{"start":{"line":40,"column":15},"end":{"line":40,"column":48}},"18":{"start":{"line":41,"column":16},"end":{"line":41,"column":51}},"19":{"start":{"line":42,"column":21},"end":{"line":42,"column":39}},"20":{"start":{"line":43,"column":19},"end":{"line":43,"column":31}},"21":{"start":{"line":44,"column":16},"end":{"line":44,"column":44}},"22":{"start":{"line":46,"column":2},"end":{"line":46,"column":46}},"23":{"start":{"line":48,"column":2},"end":{"line":50,"column":3}},"24":{"start":{"line":49,"column":4},"end":{"line":49,"column":37}},"25":{"start":{"line":53,"column":18},"end":{"line":53,"column":29}},"26":{"start":{"line":56,"column":21},"end":{"line":56,"column":23}},"27":{"start":{"line":58,"column":2},"end":{"line":63,"column":3}},"28":{"start":{"line":59,"column":4},"end":{"line":62,"column":6}},"29":{"start":{"line":65,"column":2},"end":{"line":70,"column":3}},"30":{"start":{"line":66,"column":4},"end":{"line":69,"column":6}},"31":{"start":{"line":72,"column":2},"end":{"line":77,"column":4}},"32":{"start":{"line":79,"column":2},"end":{"line":79,"column":9}},"33":{"start":{"line":82,"column":0},"end":{"line":82,"column":33}}},"fnMap":{"0":{"name":"(anonymous_0)","decl":{"start":{"line":1,"column":24},"end":{"line":1,"column":25}},"loc":{"start":{"line":1,"column":45},"end":{"line":80,"column":1}},"line":1},"1":{"name":"(anonymous_1)","decl":{"start":{"line":1,"column":45},"end":{"line":1,"column":46}},"loc":{"start":{"line":1,"column":71},"end":{"line":80,"column":1}},"line":1},"2":{"name":"(anonymous_2)","decl":{"start":{"line":11,"column":22},"end":{"line":11,"column":23}},"loc":{"start":{"line":11,"column":33},"end":{"line":11,"column":55}},"line":11},"3":{"name":"(anonymous_3)","decl":{"start":{"line":19,"column":4},"end":{"line":19,"column":5}},"loc":{"start":{"line":19,"column":15},"end":{"line":19,"column":26}},"line":19}},"branchMap":{"0":{"loc":{"start":{"line":26,"column":2},"end":{"line":29,"column":3}},"type":"if","locations":[{"start":{"line":26,"column":2},"end":{"line":29,"column":3}},{"start":{"line":26,"column":2},"end":{"line":29,"column":3}}],"line":26},"1":{"loc":{"start":{"line":32,"column":2},"end":{"line":37,"column":3}},"type":"if","locations":[{"start":{"line":32,"column":2},"end":{"line":37,"column":3}},{"start":{"line":32,"column":2},"end":{"line":37,"column":3}}],"line":32},"2":{"loc":{"start":{"line":40,"column":15},"end":{"line":40,"column":48}},"type":"binary-expr","locations":[{"start":{"line":40,"column":15},"end":{"line":40,"column":43}},{"start":{"line":40,"column":47},"end":{"line":40,"column":48}}],"line":40},"3":{"loc":{"start":{"line":41,"column":16},"end":{"line":41,"column":51}},"type":"binary-expr","locations":[{"start":{"line":41,"column":16},"end":{"line":41,"column":45}},{"start":{"line":41,"column":49},"end":{"line":41,"column":51}}],"line":41},"4":{"loc":{"start":{"line":48,"column":2},"end":{"line":50,"column":3}},"type":"if","locations":[{"start":{"line":48,"column":2},"end":{"line":50,"column":3}},{"start":{"line":48,"column":2},"end":{"line":50,"column":3}}],"line":48},"5":{"loc":{"start":{"line":58,"column":2},"end":{"line":63,"column":3}},"type":"if","locations":[{"start":{"line":58,"column":2},"end":{"line":63,"column":3}},{"start":{"line":58,"column":2},"end":{"line":63,"column":3}}],"line":58},"6":{"loc":{"start":{"line":65,"column":2},"end":{"line":70,"column":3}},"type":"if","locations":[{"start":{"line":65,"column":2},"end":{"line":70,"column":3}},{"start":{"line":65,"column":2},"end":{"line":70,"column":3}}],"line":65}},"s":{"0":1,"1":4,"2":0,"3":0,"4":0,"5":0,"6":0,"7":0,"8":0,"9":0,"10":0,"11":0,"12":0,"13":0,"14":0,"15":0,"16":0,"17":0,"18":0,"19":0,"20":0,"21":0,"22":0,"23":0,"24":0,"25":0,"26":0,"27":0,"28":0,"29":0,"30":0,"31":0,"32":0,"33":1},"f":{"0":4,"1":0,"2":0,"3":0},"b":{"0":[0,0],"1":[0,0],"2":[0,0],"3":[0,0],"4":[0,0],"5":[0,0],"6":[0,0]},"_coverageSchema":"1a1c01bbd47fc00a2c39e90264f33305004495a9","hash":"0581bf2336ab118645d5305de339e37030025eaf"}
,"/Users/fahmialfareza/Code/Udemy/express/devcamper_api/middleware/async.js": {"path":"/Users/fahmialfareza/Code/Udemy/express/devcamper_api/middleware/async.js","statementMap":{"0":{"start":{"line":1,"column":21},"end":{"line":2,"column":49}},"1":{"start":{"line":1,"column":29},"end":{"line":2,"column":49}},"2":{"start":{"line":2,"column":2},"end":{"line":2,"column":49}},"3":{"start":{"line":4,"column":0},"end":{"line":4,"column":30}}},"fnMap":{"0":{"name":"(anonymous_0)","decl":{"start":{"line":1,"column":21},"end":{"line":1,"column":22}},"loc":{"start":{"line":1,"column":29},"end":{"line":2,"column":49}},"line":1},"1":{"name":"(anonymous_1)","decl":{"start":{"line":1,"column":29},"end":{"line":1,"column":30}},"loc":{"start":{"line":2,"column":2},"end":{"line":2,"column":49}},"line":2}},"branchMap":{},"s":{"0":1,"1":31,"2":1,"3":1},"f":{"0":31,"1":1},"b":{},"_coverageSchema":"1a1c01bbd47fc00a2c39e90264f33305004495a9","hash":"0773cd553c082923766bb6b025a5c1519802640d"}
,"/Users/fahmialfareza/Code/Udemy/express/devcamper_api/middleware/auth.js": {"path":"/Users/fahmialfareza/Code/Udemy/express/devcamper_api/middleware/auth.js","statementMap":{"0":{"start":{"line":1,"column":12},"end":{"line":1,"column":35}},"1":{"start":{"line":2,"column":21},"end":{"line":2,"column":39}},"2":{"start":{"line":3,"column":22},"end":{"line":3,"column":55}},"3":{"start":{"line":4,"column":13},"end":{"line":4,"column":38}},"4":{"start":{"line":7,"column":0},"end":{"line":36,"column":3}},"5":{"start":{"line":10,"column":2},"end":{"line":19,"column":3}},"6":{"start":{"line":15,"column":4},"end":{"line":15,"column":52}},"7":{"start":{"line":17,"column":9},"end":{"line":19,"column":3}},"8":{"start":{"line":18,"column":4},"end":{"line":18,"column":30}},"9":{"start":{"line":22,"column":2},"end":{"line":24,"column":3}},"10":{"start":{"line":23,"column":4},"end":{"line":23,"column":79}},"11":{"start":{"line":26,"column":2},"end":{"line":35,"column":3}},"12":{"start":{"line":28,"column":20},"end":{"line":28,"column":61}},"13":{"start":{"line":30,"column":4},"end":{"line":30,"column":47}},"14":{"start":{"line":32,"column":4},"end":{"line":32,"column":11}},"15":{"start":{"line":34,"column":4},"end":{"line":34,"column":79}},"16":{"start":{"line":39,"column":0},"end":{"line":52,"column":2}},"17":{"start":{"line":40,"column":2},"end":{"line":51,"column":4}},"18":{"start":{"line":41,"column":4},"end":{"line":48,"column":5}},"19":{"start":{"line":42,"column":6},"end":{"line":47,"column":8}},"20":{"start":{"line":50,"column":4},"end":{"line":50,"column":11}}},"fnMap":{"0":{"name":"(anonymous_0)","decl":{"start":{"line":7,"column":31},"end":{"line":7,"column":32}},"loc":{"start":{"line":7,"column":57},"end":{"line":36,"column":1}},"line":7},"1":{"name":"(anonymous_1)","decl":{"start":{"line":39,"column":20},"end":{"line":39,"column":21}},"loc":{"start":{"line":39,"column":34},"end":{"line":52,"column":1}},"line":39},"2":{"name":"(anonymous_2)","decl":{"start":{"line":40,"column":9},"end":{"line":40,"column":10}},"loc":{"start":{"line":40,"column":29},"end":{"line":51,"column":3}},"line":40}},"branchMap":{"0":{"loc":{"start":{"line":10,"column":2},"end":{"line":19,"column":3}},"type":"if","locations":[{"start":{"line":10,"column":2},"end":{"line":19,"column":3}},{"start":{"line":10,"column":2},"end":{"line":19,"column":3}}],"line":10},"1":{"loc":{"start":{"line":11,"column":4},"end":{"line":12,"column":50}},"type":"binary-expr","locations":[{"start":{"line":11,"column":4},"end":{"line":11,"column":29}},{"start":{"line":12,"column":4},"end":{"line":12,"column":50}}],"line":11},"2":{"loc":{"start":{"line":17,"column":9},"end":{"line":19,"column":3}},"type":"if","locations":[{"start":{"line":17,"column":9},"end":{"line":19,"column":3}},{"start":{"line":17,"column":9},"end":{"line":19,"column":3}}],"line":17},"3":{"loc":{"start":{"line":22,"column":2},"end":{"line":24,"column":3}},"type":"if","locations":[{"start":{"line":22,"column":2},"end":{"line":24,"column":3}},{"start":{"line":22,"column":2},"end":{"line":24,"column":3}}],"line":22},"4":{"loc":{"start":{"line":41,"column":4},"end":{"line":48,"column":5}},"type":"if","locations":[{"start":{"line":41,"column":4},"end":{"line":48,"column":5}},{"start":{"line":41,"column":4},"end":{"line":48,"column":5}}],"line":41}},"s":{"0":1,"1":1,"2":1,"3":1,"4":1,"5":0,"6":0,"7":0,"8":0,"9":0,"10":0,"11":0,"12":0,"13":0,"14":0,"15":0,"16":1,"17":11,"18":0,"19":0,"20":0},"f":{"0":0,"1":11,"2":0},"b":{"0":[0,0],"1":[0,0],"2":[0,0],"3":[0,0],"4":[0,0]},"_coverageSchema":"1a1c01bbd47fc00a2c39e90264f33305004495a9","hash":"d711094610573f642e6ca31323d7fe75b882bc06"}
,"/Users/fahmialfareza/Code/Udemy/express/devcamper_api/middleware/error.js": {"path":"/Users/fahmialfareza/Code/Udemy/express/devcamper_api/middleware/error.js","statementMap":{"0":{"start":{"line":1,"column":22},"end":{"line":1,"column":55}},"1":{"start":{"line":3,"column":21},"end":{"line":33,"column":1}},"2":{"start":{"line":4,"column":14},"end":{"line":4,"column":24}},"3":{"start":{"line":6,"column":2},"end":{"line":6,"column":30}},"4":{"start":{"line":9,"column":2},"end":{"line":9,"column":23}},"5":{"start":{"line":12,"column":2},"end":{"line":15,"column":3}},"6":{"start":{"line":13,"column":20},"end":{"line":13,"column":40}},"7":{"start":{"line":14,"column":4},"end":{"line":14,"column":44}},"8":{"start":{"line":18,"column":2},"end":{"line":21,"column":3}},"9":{"start":{"line":19,"column":20},"end":{"line":19,"column":45}},"10":{"start":{"line":20,"column":4},"end":{"line":20,"column":44}},"11":{"start":{"line":24,"column":2},"end":{"line":27,"column":3}},"12":{"start":{"line":25,"column":20},"end":{"line":25,"column":71}},"13":{"start":{"line":25,"column":59},"end":{"line":25,"column":70}},"14":{"start":{"line":26,"column":4},"end":{"line":26,"column":44}},"15":{"start":{"line":29,"column":2},"end":{"line":32,"column":5}},"16":{"start":{"line":35,"column":0},"end":{"line":35,"column":30}}},"fnMap":{"0":{"name":"(anonymous_0)","decl":{"start":{"line":3,"column":21},"end":{"line":3,"column":22}},"loc":{"start":{"line":3,"column":46},"end":{"line":33,"column":1}},"line":3},"1":{"name":"(anonymous_1)","decl":{"start":{"line":25,"column":50},"end":{"line":25,"column":51}},"loc":{"start":{"line":25,"column":59},"end":{"line":25,"column":70}},"line":25}},"branchMap":{"0":{"loc":{"start":{"line":12,"column":2},"end":{"line":15,"column":3}},"type":"if","locations":[{"start":{"line":12,"column":2},"end":{"line":15,"column":3}},{"start":{"line":12,"column":2},"end":{"line":15,"column":3}}],"line":12},"1":{"loc":{"start":{"line":18,"column":2},"end":{"line":21,"column":3}},"type":"if","locations":[{"start":{"line":18,"column":2},"end":{"line":21,"column":3}},{"start":{"line":18,"column":2},"end":{"line":21,"column":3}}],"line":18},"2":{"loc":{"start":{"line":24,"column":2},"end":{"line":27,"column":3}},"type":"if","locations":[{"start":{"line":24,"column":2},"end":{"line":27,"column":3}},{"start":{"line":24,"column":2},"end":{"line":27,"column":3}}],"line":24},"3":{"loc":{"start":{"line":29,"column":13},"end":{"line":29,"column":36}},"type":"binary-expr","locations":[{"start":{"line":29,"column":13},"end":{"line":29,"column":29}},{"start":{"line":29,"column":33},"end":{"line":29,"column":36}}],"line":29},"4":{"loc":{"start":{"line":31,"column":11},"end":{"line":31,"column":42}},"type":"binary-expr","locations":[{"start":{"line":31,"column":11},"end":{"line":31,"column":24}},{"start":{"line":31,"column":28},"end":{"line":31,"column":42}}],"line":31}},"s":{"0":1,"1":1,"2":0,"3":0,"4":0,"5":0,"6":0,"7":0,"8":0,"9":0,"10":0,"11":0,"12":0,"13":0,"14":0,"15":0,"16":1},"f":{"0":0,"1":0},"b":{"0":[0,0],"1":[0,0],"2":[0,0],"3":[0,0],"4":[0,0]},"_coverageSchema":"1a1c01bbd47fc00a2c39e90264f33305004495a9","hash":"1dfae9b35489b3de23ffd092dfe1ff9cbdd86aa9"}
,"/Users/fahmialfareza/Code/Udemy/express/devcamper_api/models/Bootcamp.js": {"path":"/Users/fahmialfareza/Code/Udemy/express/devcamper_api/models/Bootcamp.js","statementMap":{"0":{"start":{"line":1,"column":17},"end":{"line":1,"column":36}},"1":{"start":{"line":2,"column":16},"end":{"line":2,"column":34}},"2":{"start":{"line":3,"column":17},"end":{"line":3,"column":45}},"3":{"start":{"line":5,"column":23},"end":{"line":108,"column":1}},"4":{"start":{"line":112,"column":2},"end":{"line":112,"column":29}},"5":{"start":{"line":116,"column":0},"end":{"line":119,"column":3}},"6":{"start":{"line":117,"column":2},"end":{"line":117,"column":50}},"7":{"start":{"line":118,"column":2},"end":{"line":118,"column":9}},"8":{"start":{"line":122,"column":0},"end":{"line":139,"column":3}},"9":{"start":{"line":123,"column":14},"end":{"line":123,"column":50}},"10":{"start":{"line":124,"column":2},"end":{"line":133,"column":4}},"11":{"start":{"line":136,"column":2},"end":{"line":136,"column":27}},"12":{"start":{"line":138,"column":2},"end":{"line":138,"column":9}},"13":{"start":{"line":142,"column":0},"end":{"line":145,"column":3}},"14":{"start":{"line":143,"column":2},"end":{"line":143,"column":64}},"15":{"start":{"line":144,"column":2},"end":{"line":144,"column":9}},"16":{"start":{"line":148,"column":0},"end":{"line":153,"column":3}},"17":{"start":{"line":155,"column":0},"end":{"line":155,"column":60}}},"fnMap":{"0":{"name":"getPhoto","decl":{"start":{"line":111,"column":9},"end":{"line":111,"column":17}},"loc":{"start":{"line":111,"column":25},"end":{"line":113,"column":1}},"line":111},"1":{"name":"(anonymous_1)","decl":{"start":{"line":116,"column":27},"end":{"line":116,"column":28}},"loc":{"start":{"line":116,"column":43},"end":{"line":119,"column":1}},"line":116},"2":{"name":"(anonymous_2)","decl":{"start":{"line":122,"column":27},"end":{"line":122,"column":28}},"loc":{"start":{"line":122,"column":49},"end":{"line":139,"column":1}},"line":122},"3":{"name":"(anonymous_3)","decl":{"start":{"line":142,"column":29},"end":{"line":142,"column":30}},"loc":{"start":{"line":142,"column":51},"end":{"line":145,"column":1}},"line":142}},"branchMap":{},"s":{"0":1,"1":1,"2":1,"3":1,"4":0,"5":1,"6":0,"7":0,"8":1,"9":0,"10":0,"11":0,"12":0,"13":1,"14":0,"15":0,"16":1,"17":1},"f":{"0":0,"1":0,"2":0,"3":0},"b":{},"_coverageSchema":"1a1c01bbd47fc00a2c39e90264f33305004495a9","hash":"3e938df23face1bc5ff672de088a2c50d3a53214"}
,"/Users/fahmialfareza/Code/Udemy/express/devcamper_api/models/Course.js": {"path":"/Users/fahmialfareza/Code/Udemy/express/devcamper_api/models/Course.js","statementMap":{"0":{"start":{"line":1,"column":17},"end":{"line":1,"column":36}},"1":{"start":{"line":3,"column":21},"end":{"line":44,"column":2}},"2":{"start":{"line":47,"column":0},"end":{"line":67,"column":2}},"3":{"start":{"line":48,"column":14},"end":{"line":58,"column":4}},"4":{"start":{"line":60,"column":2},"end":{"line":66,"column":3}},"5":{"start":{"line":61,"column":4},"end":{"line":63,"column":7}},"6":{"start":{"line":65,"column":4},"end":{"line":65,"column":21}},"7":{"start":{"line":70,"column":0},"end":{"line":72,"column":3}},"8":{"start":{"line":71,"column":2},"end":{"line":71,"column":49}},"9":{"start":{"line":75,"column":0},"end":{"line":77,"column":3}},"10":{"start":{"line":76,"column":2},"end":{"line":76,"column":49}},"11":{"start":{"line":79,"column":0},"end":{"line":79,"column":56}}},"fnMap":{"0":{"name":"(anonymous_0)","decl":{"start":{"line":47,"column":38},"end":{"line":47,"column":39}},"loc":{"start":{"line":47,"column":66},"end":{"line":67,"column":1}},"line":47},"1":{"name":"(anonymous_1)","decl":{"start":{"line":70,"column":26},"end":{"line":70,"column":27}},"loc":{"start":{"line":70,"column":38},"end":{"line":72,"column":1}},"line":70},"2":{"name":"(anonymous_2)","decl":{"start":{"line":75,"column":27},"end":{"line":75,"column":28}},"loc":{"start":{"line":75,"column":39},"end":{"line":77,"column":1}},"line":75}},"branchMap":{},"s":{"0":1,"1":1,"2":1,"3":0,"4":0,"5":0,"6":0,"7":1,"8":0,"9":1,"10":0,"11":1},"f":{"0":0,"1":0,"2":0},"b":{},"_coverageSchema":"1a1c01bbd47fc00a2c39e90264f33305004495a9","hash":"731c710ef58d7f4f0029ec51ec89c5ffb4ce10fa"}
,"/Users/fahmialfareza/Code/Udemy/express/devcamper_api/models/Review.js": {"path":"/Users/fahmialfareza/Code/Udemy/express/devcamper_api/models/Review.js","statementMap":{"0":{"start":{"line":1,"column":17},"end":{"line":1,"column":36}},"1":{"start":{"line":3,"column":21},"end":{"line":34,"column":2}},"2":{"start":{"line":37,"column":0},"end":{"line":37,"column":63}},"3":{"start":{"line":40,"column":0},"end":{"line":60,"column":2}},"4":{"start":{"line":41,"column":14},"end":{"line":51,"column":4}},"5":{"start":{"line":53,"column":2},"end":{"line":59,"column":3}},"6":{"start":{"line":54,"column":4},"end":{"line":56,"column":7}},"7":{"start":{"line":58,"column":4},"end":{"line":58,"column":21}},"8":{"start":{"line":63,"column":0},"end":{"line":65,"column":3}},"9":{"start":{"line":64,"column":2},"end":{"line":64,"column":51}},"10":{"start":{"line":68,"column":0},"end":{"line":70,"column":3}},"11":{"start":{"line":69,"column":2},"end":{"line":69,"column":51}},"12":{"start":{"line":72,"column":0},"end":{"line":72,"column":56}}},"fnMap":{"0":{"name":"(anonymous_0)","decl":{"start":{"line":40,"column":40},"end":{"line":40,"column":41}},"loc":{"start":{"line":40,"column":68},"end":{"line":60,"column":1}},"line":40},"1":{"name":"(anonymous_1)","decl":{"start":{"line":63,"column":26},"end":{"line":63,"column":27}},"loc":{"start":{"line":63,"column":38},"end":{"line":65,"column":1}},"line":63},"2":{"name":"(anonymous_2)","decl":{"start":{"line":68,"column":27},"end":{"line":68,"column":28}},"loc":{"start":{"line":68,"column":39},"end":{"line":70,"column":1}},"line":68}},"branchMap":{},"s":{"0":1,"1":1,"2":1,"3":1,"4":0,"5":0,"6":0,"7":0,"8":1,"9":0,"10":1,"11":0,"12":1},"f":{"0":0,"1":0,"2":0},"b":{},"_coverageSchema":"1a1c01bbd47fc00a2c39e90264f33305004495a9","hash":"309ce86a263dfa21a6904260321fa331d127c18b"}
,"/Users/fahmialfareza/Code/Udemy/express/devcamper_api/models/User.js": {"path":"/Users/fahmialfareza/Code/Udemy/express/devcamper_api/models/User.js","statementMap":{"0":{"start":{"line":1,"column":15},"end":{"line":1,"column":32}},"1":{"start":{"line":2,"column":17},"end":{"line":2,"column":36}},"2":{"start":{"line":3,"column":15},"end":{"line":3,"column":32}},"3":{"start":{"line":4,"column":12},"end":{"line":4,"column":35}},"4":{"start":{"line":6,"column":19},"end":{"line":34,"column":2}},"5":{"start":{"line":37,"column":0},"end":{"line":44,"column":3}},"6":{"start":{"line":38,"column":2},"end":{"line":40,"column":3}},"7":{"start":{"line":39,"column":4},"end":{"line":39,"column":11}},"8":{"start":{"line":42,"column":15},"end":{"line":42,"column":39}},"9":{"start":{"line":43,"column":2},"end":{"line":43,"column":57}},"10":{"start":{"line":47,"column":0},"end":{"line":51,"column":2}},"11":{"start":{"line":48,"column":2},"end":{"line":50,"column":5}},"12":{"start":{"line":54,"column":0},"end":{"line":56,"column":2}},"13":{"start":{"line":55,"column":2},"end":{"line":55,"column":62}},"14":{"start":{"line":59,"column":0},"end":{"line":73,"column":2}},"15":{"start":{"line":61,"column":21},"end":{"line":61,"column":59}},"16":{"start":{"line":64,"column":2},"end":{"line":67,"column":19}},"17":{"start":{"line":70,"column":2},"end":{"line":70,"column":57}},"18":{"start":{"line":72,"column":2},"end":{"line":72,"column":20}},"19":{"start":{"line":75,"column":0},"end":{"line":75,"column":52}}},"fnMap":{"0":{"name":"(anonymous_0)","decl":{"start":{"line":37,"column":23},"end":{"line":37,"column":24}},"loc":{"start":{"line":37,"column":45},"end":{"line":44,"column":1}},"line":37},"1":{"name":"(anonymous_1)","decl":{"start":{"line":47,"column":39},"end":{"line":47,"column":40}},"loc":{"start":{"line":47,"column":51},"end":{"line":51,"column":1}},"line":47},"2":{"name":"(anonymous_2)","decl":{"start":{"line":54,"column":35},"end":{"line":54,"column":36}},"loc":{"start":{"line":54,"column":68},"end":{"line":56,"column":1}},"line":54},"3":{"name":"(anonymous_3)","decl":{"start":{"line":59,"column":43},"end":{"line":59,"column":44}},"loc":{"start":{"line":59,"column":55},"end":{"line":73,"column":1}},"line":59}},"branchMap":{"0":{"loc":{"start":{"line":38,"column":2},"end":{"line":40,"column":3}},"type":"if","locations":[{"start":{"line":38,"column":2},"end":{"line":40,"column":3}},{"start":{"line":38,"column":2},"end":{"line":40,"column":3}}],"line":38}},"s":{"0":1,"1":1,"2":1,"3":1,"4":1,"5":1,"6":0,"7":0,"8":0,"9":0,"10":1,"11":1,"12":1,"13":1,"14":1,"15":0,"16":0,"17":0,"18":0,"19":1},"f":{"0":0,"1":1,"2":1,"3":0},"b":{"0":[0,0]},"_coverageSchema":"1a1c01bbd47fc00a2c39e90264f33305004495a9","hash":"35f1265803c13fa636ebbbf55a47bbae4ab1669e"}
,"/Users/fahmialfareza/Code/Udemy/express/devcamper_api/routes/auth.js": {"path":"/Users/fahmialfareza/Code/Udemy/express/devcamper_api/routes/auth.js","statementMap":{"0":{"start":{"line":1,"column":16},"end":{"line":1,"column":34}},"1":{"start":{"line":11,"column":4},"end":{"line":11,"column":34}},"2":{"start":{"line":13,"column":15},"end":{"line":13,"column":31}},"3":{"start":{"line":15,"column":20},"end":{"line":15,"column":49}},"4":{"start":{"line":17,"column":0},"end":{"line":17,"column":35}},"5":{"start":{"line":18,"column":0},"end":{"line":18,"column":29}},"6":{"start":{"line":19,"column":0},"end":{"line":19,"column":30}},"7":{"start":{"line":20,"column":0},"end":{"line":20,"column":34}},"8":{"start":{"line":21,"column":0},"end":{"line":21,"column":53}},"9":{"start":{"line":22,"column":0},"end":{"line":22,"column":55}},"10":{"start":{"line":23,"column":0},"end":{"line":23,"column":47}},"11":{"start":{"line":24,"column":0},"end":{"line":24,"column":56}},"12":{"start":{"line":26,"column":0},"end":{"line":26,"column":24}}},"fnMap":{},"branchMap":{},"s":{"0":1,"1":1,"2":1,"3":1,"4":1,"5":1,"6":1,"7":1,"8":1,"9":1,"10":1,"11":1,"12":1},"f":{},"b":{},"_coverageSchema":"1a1c01bbd47fc00a2c39e90264f33305004495a9","hash":"e23dd2b5cb0bf0b266ec31a8cc824346e82fa245"}
,"/Users/fahmialfareza/Code/Udemy/express/devcamper_api/routes/bootcamps.js": {"path":"/Users/fahmialfareza/Code/Udemy/express/devcamper_api/routes/bootcamps.js","statementMap":{"0":{"start":{"line":1,"column":16},"end":{"line":1,"column":34}},"1":{"start":{"line":10,"column":4},"end":{"line":10,"column":39}},"2":{"start":{"line":12,"column":17},"end":{"line":12,"column":46}},"3":{"start":{"line":14,"column":24},"end":{"line":14,"column":64}},"4":{"start":{"line":17,"column":21},"end":{"line":17,"column":41}},"5":{"start":{"line":18,"column":21},"end":{"line":18,"column":41}},"6":{"start":{"line":20,"column":15},"end":{"line":20,"column":31}},"7":{"start":{"line":22,"column":31},"end":{"line":22,"column":60}},"8":{"start":{"line":25,"column":0},"end":{"line":25,"column":49}},"9":{"start":{"line":26,"column":0},"end":{"line":26,"column":49}},"10":{"start":{"line":28,"column":0},"end":{"line":28,"column":69}},"11":{"start":{"line":30,"column":0},"end":{"line":33,"column":66}},"12":{"start":{"line":35,"column":0},"end":{"line":37,"column":70}},"13":{"start":{"line":39,"column":0},"end":{"line":43,"column":68}},"14":{"start":{"line":45,"column":0},"end":{"line":45,"column":24}}},"fnMap":{},"branchMap":{},"s":{"0":1,"1":1,"2":1,"3":1,"4":1,"5":1,"6":1,"7":1,"8":1,"9":1,"10":1,"11":1,"12":1,"13":1,"14":1},"f":{},"b":{},"_coverageSchema":"1a1c01bbd47fc00a2c39e90264f33305004495a9","hash":"519701776495e6a67820063d80317471a641a894"}
,"/Users/fahmialfareza/Code/Udemy/express/devcamper_api/routes/courses.js": {"path":"/Users/fahmialfareza/Code/Udemy/express/devcamper_api/routes/courses.js","statementMap":{"0":{"start":{"line":1,"column":16},"end":{"line":1,"column":34}},"1":{"start":{"line":8,"column":4},"end":{"line":8,"column":37}},"2":{"start":{"line":10,"column":15},"end":{"line":10,"column":42}},"3":{"start":{"line":12,"column":24},"end":{"line":12,"column":64}},"4":{"start":{"line":14,"column":15},"end":{"line":14,"column":52}},"5":{"start":{"line":16,"column":31},"end":{"line":16,"column":60}},"6":{"start":{"line":18,"column":0},"end":{"line":27,"column":61}},"7":{"start":{"line":28,"column":0},"end":{"line":32,"column":66}},"8":{"start":{"line":34,"column":0},"end":{"line":34,"column":24}}},"fnMap":{},"branchMap":{},"s":{"0":1,"1":1,"2":1,"3":1,"4":1,"5":1,"6":1,"7":1,"8":1},"f":{},"b":{},"_coverageSchema":"1a1c01bbd47fc00a2c39e90264f33305004495a9","hash":"e2e031fd250eb1b6e9bb8144157f096b5816b653"}
,"/Users/fahmialfareza/Code/Udemy/express/devcamper_api/routes/reviews.js": {"path":"/Users/fahmialfareza/Code/Udemy/express/devcamper_api/routes/reviews.js","statementMap":{"0":{"start":{"line":1,"column":16},"end":{"line":1,"column":34}},"1":{"start":{"line":8,"column":4},"end":{"line":8,"column":37}},"2":{"start":{"line":10,"column":15},"end":{"line":10,"column":42}},"3":{"start":{"line":12,"column":24},"end":{"line":12,"column":64}},"4":{"start":{"line":14,"column":15},"end":{"line":14,"column":52}},"5":{"start":{"line":16,"column":31},"end":{"line":16,"column":60}},"6":{"start":{"line":18,"column":0},"end":{"line":27,"column":56}},"7":{"start":{"line":29,"column":0},"end":{"line":33,"column":61}},"8":{"start":{"line":35,"column":0},"end":{"line":35,"column":24}}},"fnMap":{},"branchMap":{},"s":{"0":1,"1":1,"2":1,"3":1,"4":1,"5":1,"6":1,"7":1,"8":1},"f":{},"b":{},"_coverageSchema":"1a1c01bbd47fc00a2c39e90264f33305004495a9","hash":"bad019bf0c9623c3630edbeac7e89f6d6aa6af80"}
,"/Users/fahmialfareza/Code/Udemy/express/devcamper_api/routes/users.js": {"path":"/Users/fahmialfareza/Code/Udemy/express/devcamper_api/routes/users.js","statementMap":{"0":{"start":{"line":1,"column":16},"end":{"line":1,"column":34}},"1":{"start":{"line":8,"column":4},"end":{"line":8,"column":35}},"2":{"start":{"line":10,"column":13},"end":{"line":10,"column":38}},"3":{"start":{"line":12,"column":15},"end":{"line":12,"column":52}},"4":{"start":{"line":14,"column":24},"end":{"line":14,"column":64}},"5":{"start":{"line":15,"column":31},"end":{"line":15,"column":60}},"6":{"start":{"line":17,"column":0},"end":{"line":17,"column":20}},"7":{"start":{"line":18,"column":0},"end":{"line":18,"column":31}},"8":{"start":{"line":20,"column":0},"end":{"line":20,"column":72}},"9":{"start":{"line":22,"column":0},"end":{"line":22,"column":69}},"10":{"start":{"line":24,"column":0},"end":{"line":24,"column":24}}},"fnMap":{},"branchMap":{},"s":{"0":1,"1":1,"2":1,"3":1,"4":1,"5":1,"6":1,"7":1,"8":1,"9":1,"10":1},"f":{},"b":{},"_coverageSchema":"1a1c01bbd47fc00a2c39e90264f33305004495a9","hash":"14d37392c5843ab068c0dc4e3c066a96518d4edd"}
,"/Users/fahmialfareza/Code/Udemy/express/devcamper_api/utils/errorResponse.js": {"path":"/Users/fahmialfareza/Code/Udemy/express/devcamper_api/utils/errorResponse.js","statementMap":{"0":{"start":{"line":3,"column":4},"end":{"line":3,"column":19}},"1":{"start":{"line":4,"column":4},"end":{"line":4,"column":33}},"2":{"start":{"line":8,"column":0},"end":{"line":8,"column":31}}},"fnMap":{"0":{"name":"(anonymous_0)","decl":{"start":{"line":2,"column":2},"end":{"line":2,"column":3}},"loc":{"start":{"line":2,"column":35},"end":{"line":5,"column":3}},"line":2}},"branchMap":{},"s":{"0":0,"1":0,"2":1},"f":{"0":0},"b":{},"_coverageSchema":"1a1c01bbd47fc00a2c39e90264f33305004495a9","hash":"2e54bfbcacc70657947c0f18edfd69ed8710a82f"}
,"/Users/fahmialfareza/Code/Udemy/express/devcamper_api/utils/geocoder.js": {"path":"/Users/fahmialfareza/Code/Udemy/express/devcamper_api/utils/geocoder.js","statementMap":{"0":{"start":{"line":1,"column":21},"end":{"line":1,"column":45}},"1":{"start":{"line":3,"column":16},"end":{"line":8,"column":1}},"2":{"start":{"line":10,"column":17},"end":{"line":10,"column":38}},"3":{"start":{"line":12,"column":0},"end":{"line":12,"column":26}}},"fnMap":{},"branchMap":{},"s":{"0":1,"1":1,"2":1,"3":1},"f":{},"b":{},"_coverageSchema":"1a1c01bbd47fc00a2c39e90264f33305004495a9","hash":"a8154b0659c1f88a991e77bd1eae89bfd979715a"}
,"/Users/fahmialfareza/Code/Udemy/express/devcamper_api/utils/sendEmail.js": {"path":"/Users/fahmialfareza/Code/Udemy/express/devcamper_api/utils/sendEmail.js","statementMap":{"0":{"start":{"line":1,"column":19},"end":{"line":1,"column":40}},"1":{"start":{"line":3,"column":18},"end":{"line":24,"column":1}},"2":{"start":{"line":4,"column":20},"end":{"line":11,"column":4}},"3":{"start":{"line":14,"column":18},"end":{"line":19,"column":3}},"4":{"start":{"line":21,"column":15},"end":{"line":21,"column":50}},"5":{"start":{"line":23,"column":2},"end":{"line":23,"column":50}},"6":{"start":{"line":26,"column":0},"end":{"line":26,"column":27}}},"fnMap":{"0":{"name":"(anonymous_0)","decl":{"start":{"line":3,"column":18},"end":{"line":3,"column":19}},"loc":{"start":{"line":3,"column":37},"end":{"line":24,"column":1}},"line":3}},"branchMap":{},"s":{"0":1,"1":1,"2":0,"3":0,"4":0,"5":0,"6":1},"f":{"0":0},"b":{},"_coverageSchema":"1a1c01bbd47fc00a2c39e90264f33305004495a9","hash":"33ad98a5b6ba3a8e495f0a30505f0c95627459ff"}
}
