TN:
SF:index.js
FN:83,(anonymous_0)
FN:90,(anonymous_1)
FN:93,(anonymous_2)
FNF:3
FNH:1
FNDA:1,(anonymous_0)
FNDA:0,(anonymous_1)
FNDA:0,(anonymous_2)
DA:1,1
DA:2,1
DA:3,1
DA:4,1
DA:5,1
DA:6,1
DA:7,1
DA:8,1
DA:9,1
DA:10,1
DA:11,1
DA:12,1
DA:13,1
DA:14,1
DA:15,1
DA:18,1
DA:21,1
DA:24,1
DA:25,1
DA:26,1
DA:27,1
DA:28,1
DA:30,1
DA:33,1
DA:36,1
DA:39,1
DA:40,1
DA:44,1
DA:47,1
DA:50,1
DA:53,1
DA:56,1
DA:61,1
DA:64,1
DA:67,1
DA:70,1
DA:73,1
DA:74,1
DA:75,1
DA:76,1
DA:77,1
DA:79,1
DA:81,1
DA:83,1
DA:84,1
DA:90,1
DA:91,0
DA:93,0
DA:96,1
LF:49
LH:47
BRDA:39,0,0,1
BRDA:39,0,1,0
BRDA:81,1,0,1
BRDA:81,1,1,0
BRF:4
BRH:2
end_of_record
TN:
SF:config/db.js
FN:3,(anonymous_0)
FNF:1
FNH:1
FNDA:1,(anonymous_0)
DA:1,1
DA:3,1
DA:4,1
DA:11,1
DA:14,1
LF:5
LH:5
BRF:0
BRH:0
end_of_record
TN:
SF:controllers/auth.js
FN:10,(anonymous_0)
FN:28,(anonymous_1)
FN:57,(anonymous_2)
FN:72,(anonymous_3)
FN:84,(anonymous_4)
FN:104,(anonymous_5)
FN:122,(anonymous_6)
FN:172,(anonymous_7)
FN:199,(anonymous_8)
FNF:9
FNH:2
FNDA:0,(anonymous_0)
FNDA:1,(anonymous_1)
FNDA:0,(anonymous_2)
FNDA:0,(anonymous_3)
FNDA:0,(anonymous_4)
FNDA:0,(anonymous_5)
FNDA:0,(anonymous_6)
FNDA:0,(anonymous_7)
FNDA:1,(anonymous_8)
DA:1,1
DA:2,1
DA:3,1
DA:4,1
DA:5,1
DA:10,1
DA:11,0
DA:14,0
DA:22,0
DA:28,1
DA:29,1
DA:32,1
DA:33,0
DA:37,1
DA:39,1
DA:40,0
DA:44,1
DA:46,1
DA:47,0
DA:51,1
DA:57,1
DA:58,0
DA:63,0
DA:72,1
DA:73,0
DA:75,0
DA:84,1
DA:85,0
DA:90,0
DA:95,0
DA:104,1
DA:105,0
DA:108,0
DA:109,0
DA:112,0
DA:113,0
DA:116,0
DA:122,1
DA:123,0
DA:125,0
DA:126,0
DA:130,0
DA:132,0
DA:135,0
DA:139,0
DA:141,0
DA:142,0
DA:148,0
DA:153,0
DA:155,0
DA:156,0
DA:158,0
DA:160,0
DA:163,0
DA:172,1
DA:174,0
DA:179,0
DA:184,0
DA:185,0
DA:189,0
DA:190,0
DA:191,0
DA:192,0
DA:195,0
DA:199,1
DA:201,1
DA:203,1
DA:210,1
DA:211,0
DA:214,1
LF:70
LH:25
BRDA:32,0,0,0
BRDA:32,0,1,1
BRDA:32,1,0,1
BRDA:32,1,1,1
BRDA:39,2,0,0
BRDA:39,2,1,1
BRDA:46,3,0,0
BRDA:46,3,1,1
BRDA:108,4,0,0
BRDA:108,4,1,0
BRDA:125,5,0,0
BRDA:125,5,1,0
BRDA:184,6,0,0
BRDA:184,6,1,0
BRDA:210,7,0,0
BRDA:210,7,1,1
BRF:16
BRH:6
end_of_record
TN:
SF:controllers/bootcamps.js
FN:10,(anonymous_0)
FN:17,(anonymous_1)
FN:35,(anonymous_2)
FN:63,(anonymous_3)
FN:99,(anonymous_4)
FN:129,(anonymous_5)
FN:156,(anonymous_6)
FN:199,(anonymous_7)
FNF:8
FNH:0
FNDA:0,(anonymous_0)
FNDA:0,(anonymous_1)
FNDA:0,(anonymous_2)
FNDA:0,(anonymous_3)
FNDA:0,(anonymous_4)
FNDA:0,(anonymous_5)
FNDA:0,(anonymous_6)
FNDA:0,(anonymous_7)
DA:1,1
DA:2,1
DA:3,1
DA:4,1
DA:5,1
DA:10,1
DA:11,0
DA:17,1
DA:18,0
DA:20,0
DA:21,0
DA:26,0
DA:35,1
DA:37,0
DA:40,0
DA:43,0
DA:44,0
DA:52,0
DA:54,0
DA:63,1
DA:64,0
DA:69,0
DA:70,0
DA:76,0
DA:77,0
DA:85,0
DA:90,0
DA:99,1
DA:100,0
DA:102,0
DA:103,0
DA:109,0
DA:110,0
DA:118,0
DA:120,0
DA:129,1
DA:130,0
DA:133,0
DA:134,0
DA:135,0
DA:140,0
DA:142,0
DA:146,0
DA:156,1
DA:157,0
DA:159,0
DA:160,0
DA:166,0
DA:167,0
DA:175,0
DA:176,0
DA:179,0
DA:182,0
DA:183,0
DA:187,0
DA:188,0
DA:197,0
DA:199,0
DA:200,0
DA:201,0
DA:203,0
DA:206,0
DA:208,0
LF:63
LH:12
BRDA:20,0,0,0
BRDA:20,0,1,0
BRDA:43,1,0,0
BRDA:43,1,1,0
BRDA:43,2,0,0
BRDA:43,2,1,0
BRDA:69,3,0,0
BRDA:69,3,1,0
BRDA:76,4,0,0
BRDA:76,4,1,0
BRDA:76,5,0,0
BRDA:76,5,1,0
BRDA:102,6,0,0
BRDA:102,6,1,0
BRDA:109,7,0,0
BRDA:109,7,1,0
BRDA:109,8,0,0
BRDA:109,8,1,0
BRDA:159,9,0,0
BRDA:159,9,1,0
BRDA:166,10,0,0
BRDA:166,10,1,0
BRDA:166,11,0,0
BRDA:166,11,1,0
BRDA:175,12,0,0
BRDA:175,12,1,0
BRDA:182,13,0,0
BRDA:182,13,1,0
BRDA:187,14,0,0
BRDA:187,14,1,0
BRDA:200,15,0,0
BRDA:200,15,1,0
BRF:32
BRH:0
end_of_record
TN:
SF:controllers/courses.js
FN:10,(anonymous_0)
FN:27,(anonymous_1)
FN:49,(anonymous_2)
FN:83,(anonymous_3)
FN:117,(anonymous_4)
FNF:5
FNH:0
FNDA:0,(anonymous_0)
FNDA:0,(anonymous_1)
FNDA:0,(anonymous_2)
FNDA:0,(anonymous_3)
FNDA:0,(anonymous_4)
DA:1,1
DA:2,1
DA:3,1
DA:4,1
DA:10,1
DA:11,0
DA:12,0
DA:14,0
DA:20,0
DA:27,1
DA:28,0
DA:33,0
DA:34,0
DA:40,0
DA:49,1
DA:50,0
DA:51,0
DA:53,0
DA:55,0
DA:56,0
DA:63,0
DA:64,0
DA:72,0
DA:74,0
DA:83,1
DA:84,0
DA:86,0
DA:87,0
DA:94,0
DA:95,0
DA:103,0
DA:108,0
DA:117,1
DA:118,0
DA:120,0
DA:121,0
DA:128,0
DA:129,0
DA:137,0
DA:139,0
LF:40
LH:9
BRDA:11,0,0,0
BRDA:11,0,1,0
BRDA:33,1,0,0
BRDA:33,1,1,0
BRDA:55,2,0,0
BRDA:55,2,1,0
BRDA:63,3,0,0
BRDA:63,3,1,0
BRDA:63,4,0,0
BRDA:63,4,1,0
BRDA:86,5,0,0
BRDA:86,5,1,0
BRDA:94,6,0,0
BRDA:94,6,1,0
BRDA:94,7,0,0
BRDA:94,7,1,0
BRDA:120,8,0,0
BRDA:120,8,1,0
BRDA:128,9,0,0
BRDA:128,9,1,0
BRDA:128,10,0,0
BRDA:128,10,1,0
BRF:22
BRH:0
end_of_record
TN:
SF:controllers/reviews.js
FN:10,(anonymous_0)
FN:27,(anonymous_1)
FN:48,(anonymous_2)
FN:71,(anonymous_3)
FN:97,(anonymous_4)
FNF:5
FNH:0
FNDA:0,(anonymous_0)
FNDA:0,(anonymous_1)
FNDA:0,(anonymous_2)
FNDA:0,(anonymous_3)
FNDA:0,(anonymous_4)
DA:1,1
DA:2,1
DA:3,1
DA:4,1
DA:10,1
DA:11,0
DA:12,0
DA:14,0
DA:20,0
DA:27,1
DA:28,0
DA:33,0
DA:34,0
DA:39,0
DA:48,1
DA:49,0
DA:50,0
DA:52,0
DA:54,0
DA:55,0
DA:60,0
DA:62,0
DA:71,1
DA:72,0
DA:74,0
DA:75,0
DA:79,0
DA:80,0
DA:83,0
DA:88,0
DA:97,1
DA:98,0
DA:100,0
DA:101,0
DA:105,0
DA:106,0
DA:109,0
DA:111,0
LF:38
LH:9
BRDA:11,0,0,0
BRDA:11,0,1,0
BRDA:33,1,0,0
BRDA:33,1,1,0
BRDA:54,2,0,0
BRDA:54,2,1,0
BRDA:74,3,0,0
BRDA:74,3,1,0
BRDA:79,4,0,0
BRDA:79,4,1,0
BRDA:79,5,0,0
BRDA:79,5,1,0
BRDA:100,6,0,0
BRDA:100,6,1,0
BRDA:105,7,0,0
BRDA:105,7,1,0
BRDA:105,8,0,0
BRDA:105,8,1,0
BRF:18
BRH:0
end_of_record
TN:
SF:controllers/users.js
FN:8,(anonymous_0)
FN:15,(anonymous_1)
FN:27,(anonymous_2)
FN:39,(anonymous_3)
FN:54,(anonymous_4)
FNF:5
FNH:0
FNDA:0,(anonymous_0)
FNDA:0,(anonymous_1)
FNDA:0,(anonymous_2)
FNDA:0,(anonymous_3)
FNDA:0,(anonymous_4)
DA:1,1
DA:2,1
DA:3,1
DA:8,1
DA:9,0
DA:15,1
DA:16,0
DA:18,0
DA:27,1
DA:28,0
DA:30,0
DA:39,1
DA:40,0
DA:45,0
DA:54,1
DA:55,0
DA:57,0
LF:17
LH:8
BRF:0
BRH:0
end_of_record
TN:
SF:middleware/advancedResults.js
FN:1,(anonymous_0)
FN:1,(anonymous_1)
FN:11,(anonymous_2)
FN:19,(anonymous_3)
FNF:4
FNH:1
FNDA:4,(anonymous_0)
FNDA:0,(anonymous_1)
FNDA:0,(anonymous_2)
FNDA:0,(anonymous_3)
DA:1,4
DA:5,0
DA:8,0
DA:11,0
DA:14,0
DA:17,0
DA:19,0
DA:23,0
DA:26,0
DA:27,0
DA:28,0
DA:32,0
DA:33,0
DA:34,0
DA:36,0
DA:40,0
DA:41,0
DA:42,0
DA:43,0
DA:44,0
DA:46,0
DA:48,0
DA:49,0
DA:53,0
DA:56,0
DA:58,0
DA:59,0
DA:65,0
DA:66,0
DA:72,0
DA:79,0
DA:82,1
LF:32
LH:2
BRDA:26,0,0,0
BRDA:26,0,1,0
BRDA:32,1,0,0
BRDA:32,1,1,0
BRDA:40,2,0,0
BRDA:40,2,1,0
BRDA:41,3,0,0
BRDA:41,3,1,0
BRDA:48,4,0,0
BRDA:48,4,1,0
BRDA:58,5,0,0
BRDA:58,5,1,0
BRDA:65,6,0,0
BRDA:65,6,1,0
BRF:14
BRH:0
end_of_record
TN:
SF:middleware/async.js
FN:1,(anonymous_0)
FN:1,(anonymous_1)
FNF:2
FNH:2
FNDA:31,(anonymous_0)
FNDA:1,(anonymous_1)
DA:1,31
DA:2,1
DA:4,1
LF:3
LH:3
BRF:0
BRH:0
end_of_record
TN:
SF:middleware/auth.js
FN:7,(anonymous_0)
FN:39,(anonymous_1)
FN:40,(anonymous_2)
FNF:3
FNH:1
FNDA:0,(anonymous_0)
FNDA:11,(anonymous_1)
FNDA:0,(anonymous_2)
DA:1,1
DA:2,1
DA:3,1
DA:4,1
DA:7,1
DA:10,0
DA:15,0
DA:17,0
DA:18,0
DA:22,0
DA:23,0
DA:26,0
DA:28,0
DA:30,0
DA:32,0
DA:34,0
DA:39,1
DA:40,11
DA:41,0
DA:42,0
DA:50,0
LF:21
LH:7
BRDA:10,0,0,0
BRDA:10,0,1,0
BRDA:11,1,0,0
BRDA:11,1,1,0
BRDA:17,2,0,0
BRDA:17,2,1,0
BRDA:22,3,0,0
BRDA:22,3,1,0
BRDA:41,4,0,0
BRDA:41,4,1,0
BRF:10
BRH:0
end_of_record
TN:
SF:middleware/error.js
FN:3,(anonymous_0)
FN:25,(anonymous_1)
FNF:2
FNH:0
FNDA:0,(anonymous_0)
FNDA:0,(anonymous_1)
DA:1,1
DA:3,1
DA:4,0
DA:6,0
DA:9,0
DA:12,0
DA:13,0
DA:14,0
DA:18,0
DA:19,0
DA:20,0
DA:24,0
DA:25,0
DA:26,0
DA:29,0
DA:35,1
LF:16
LH:3
BRDA:12,0,0,0
BRDA:12,0,1,0
BRDA:18,1,0,0
BRDA:18,1,1,0
BRDA:24,2,0,0
BRDA:24,2,1,0
BRDA:29,3,0,0
BRDA:29,3,1,0
BRDA:31,4,0,0
BRDA:31,4,1,0
BRF:10
BRH:0
end_of_record
TN:
SF:models/Bootcamp.js
FN:111,getPhoto
FN:116,(anonymous_1)
FN:122,(anonymous_2)
FN:142,(anonymous_3)
FNF:4
FNH:0
FNDA:0,getPhoto
FNDA:0,(anonymous_1)
FNDA:0,(anonymous_2)
FNDA:0,(anonymous_3)
DA:1,1
DA:2,1
DA:3,1
DA:5,1
DA:112,0
DA:116,1
DA:117,0
DA:118,0
DA:122,1
DA:123,0
DA:124,0
DA:136,0
DA:138,0
DA:142,1
DA:143,0
DA:144,0
DA:148,1
DA:155,1
LF:18
LH:9
BRF:0
BRH:0
end_of_record
TN:
SF:models/Course.js
FN:47,(anonymous_0)
FN:70,(anonymous_1)
FN:75,(anonymous_2)
FNF:3
FNH:0
FNDA:0,(anonymous_0)
FNDA:0,(anonymous_1)
FNDA:0,(anonymous_2)
DA:1,1
DA:3,1
DA:47,1
DA:48,0
DA:60,0
DA:61,0
DA:65,0
DA:70,1
DA:71,0
DA:75,1
DA:76,0
DA:79,1
LF:12
LH:6
BRF:0
BRH:0
end_of_record
TN:
SF:models/Review.js
FN:40,(anonymous_0)
FN:63,(anonymous_1)
FN:68,(anonymous_2)
FNF:3
FNH:0
FNDA:0,(anonymous_0)
FNDA:0,(anonymous_1)
FNDA:0,(anonymous_2)
DA:1,1
DA:3,1
DA:37,1
DA:40,1
DA:41,0
DA:53,0
DA:54,0
DA:58,0
DA:63,1
DA:64,0
DA:68,1
DA:69,0
DA:72,1
LF:13
LH:7
BRF:0
BRH:0
end_of_record
TN:
SF:models/User.js
FN:37,(anonymous_0)
FN:47,(anonymous_1)
FN:54,(anonymous_2)
FN:59,(anonymous_3)
FNF:4
FNH:2
FNDA:0,(anonymous_0)
FNDA:1,(anonymous_1)
FNDA:1,(anonymous_2)
FNDA:0,(anonymous_3)
DA:1,1
DA:2,1
DA:3,1
DA:4,1
DA:6,1
DA:37,1
DA:38,0
DA:39,0
DA:42,0
DA:43,0
DA:47,1
DA:48,1
DA:54,1
DA:55,1
DA:59,1
DA:61,0
DA:64,0
DA:70,0
DA:72,0
DA:75,1
LF:20
LH:12
BRDA:38,0,0,0
BRDA:38,0,1,0
BRF:2
BRH:0
end_of_record
TN:
SF:routes/auth.js
FNF:0
FNH:0
DA:1,1
DA:11,1
DA:13,1
DA:15,1
DA:17,1
DA:18,1
DA:19,1
DA:20,1
DA:21,1
DA:22,1
DA:23,1
DA:24,1
DA:26,1
LF:13
LH:13
BRF:0
BRH:0
end_of_record
TN:
SF:routes/bootcamps.js
FNF:0
FNH:0
DA:1,1
DA:10,1
DA:12,1
DA:14,1
DA:17,1
DA:18,1
DA:20,1
DA:22,1
DA:25,1
DA:26,1
DA:28,1
DA:30,1
DA:35,1
DA:39,1
DA:45,1
LF:15
LH:15
BRF:0
BRH:0
end_of_record
TN:
SF:routes/courses.js
FNF:0
FNH:0
DA:1,1
DA:8,1
DA:10,1
DA:12,1
DA:14,1
DA:16,1
DA:18,1
DA:28,1
DA:34,1
LF:9
LH:9
BRF:0
BRH:0
end_of_record
TN:
SF:routes/reviews.js
FNF:0
FNH:0
DA:1,1
DA:8,1
DA:10,1
DA:12,1
DA:14,1
DA:16,1
DA:18,1
DA:29,1
DA:35,1
LF:9
LH:9
BRF:0
BRH:0
end_of_record
TN:
SF:routes/users.js
FNF:0
FNH:0
DA:1,1
DA:8,1
DA:10,1
DA:12,1
DA:14,1
DA:15,1
DA:17,1
DA:18,1
DA:20,1
DA:22,1
DA:24,1
LF:11
LH:11
BRF:0
BRH:0
end_of_record
TN:
SF:utils/errorResponse.js
FN:2,(anonymous_0)
FNF:1
FNH:0
FNDA:0,(anonymous_0)
DA:3,0
DA:4,0
DA:8,1
LF:3
LH:1
BRF:0
BRH:0
end_of_record
TN:
SF:utils/geocoder.js
FNF:0
FNH:0
DA:1,1
DA:3,1
DA:10,1
DA:12,1
LF:4
LH:4
BRF:0
BRH:0
end_of_record
TN:
SF:utils/sendEmail.js
FN:3,(anonymous_0)
FNF:1
FNH:0
FNDA:0,(anonymous_0)
DA:1,1
DA:3,1
DA:4,0
DA:14,0
DA:21,0
DA:23,0
DA:26,1
LF:7
LH:3
BRF:0
BRH:0
end_of_record
